{"/Users/vladislavstarikov/Google-Drive/3-Coding/HR/gainsboro-atelier/client/src/components/Overview/AddToCart.jsx": {"path":"/Users/vladislavstarikov/Google-Drive/3-Coding/HR/gainsboro-atelier/client/src/components/Overview/AddToCart.jsx","statementMap":{"0":{"start":{"line":6,"column":15},"end":{"line":14,"column":1}},"1":{"start":{"line":16,"column":19},"end":{"line":35,"column":1}},"2":{"start":{"line":37,"column":16},"end":{"line":44,"column":1}},"3":{"start":{"line":46,"column":20},"end":{"line":49,"column":1}},"4":{"start":{"line":51,"column":16},"end":{"line":54,"column":1}},"5":{"start":{"line":56,"column":22},"end":{"line":71,"column":1}},"6":{"start":{"line":73,"column":20},"end":{"line":93,"column":1}},"7":{"start":{"line":97,"column":4},"end":{"line":97,"column":17}},"8":{"start":{"line":98,"column":4},"end":{"line":104,"column":5}},"9":{"start":{"line":105,"column":4},"end":{"line":105,"column":49}},"10":{"start":{"line":106,"column":4},"end":{"line":106,"column":57}},"11":{"start":{"line":107,"column":4},"end":{"line":107,"column":53}},"12":{"start":{"line":113,"column":4},"end":{"line":130,"column":5}},"13":{"start":{"line":115,"column":6},"end":{"line":119,"column":7}},"14":{"start":{"line":116,"column":8},"end":{"line":118,"column":9}},"15":{"start":{"line":117,"column":10},"end":{"line":117,"column":23}},"16":{"start":{"line":121,"column":24},"end":{"line":121,"column":70}},"17":{"start":{"line":122,"column":29},"end":{"line":122,"column":104}},"18":{"start":{"line":124,"column":6},"end":{"line":129,"column":9}},"19":{"start":{"line":135,"column":4},"end":{"line":135,"column":27}},"20":{"start":{"line":136,"column":4},"end":{"line":142,"column":6}},"21":{"start":{"line":147,"column":23},"end":{"line":147,"column":74}},"22":{"start":{"line":148,"column":22},"end":{"line":148,"column":73}},"23":{"start":{"line":150,"column":4},"end":{"line":154,"column":6}},"24":{"start":{"line":159,"column":4},"end":{"line":161,"column":6}},"25":{"start":{"line":166,"column":19},"end":{"line":166,"column":29}},"26":{"start":{"line":168,"column":16},"end":{"line":172,"column":5}},"27":{"start":{"line":169,"column":7},"end":{"line":171,"column":15}},"28":{"start":{"line":174,"column":4},"end":{"line":177,"column":16}},"29":{"start":{"line":181,"column":4},"end":{"line":196,"column":5}},"30":{"start":{"line":182,"column":6},"end":{"line":184,"column":14}},"31":{"start":{"line":186,"column":6},"end":{"line":195,"column":22}},"32":{"start":{"line":198,"column":4},"end":{"line":214,"column":5}},"33":{"start":{"line":199,"column":6},"end":{"line":202,"column":18}},"34":{"start":{"line":204,"column":20},"end":{"line":204,"column":22}},"35":{"start":{"line":205,"column":6},"end":{"line":207,"column":7}},"36":{"start":{"line":205,"column":19},"end":{"line":205,"column":20}},"37":{"start":{"line":206,"column":8},"end":{"line":206,"column":60}},"38":{"start":{"line":208,"column":6},"end":{"line":213,"column":23}},"39":{"start":{"line":216,"column":4},"end":{"line":226,"column":6}}},"fnMap":{"0":{"name":"(anonymous_0)","decl":{"start":{"line":96,"column":2},"end":{"line":96,"column":3}},"loc":{"start":{"line":96,"column":21},"end":{"line":108,"column":3}},"line":96},"1":{"name":"(anonymous_1)","decl":{"start":{"line":111,"column":2},"end":{"line":111,"column":3}},"loc":{"start":{"line":111,"column":22},"end":{"line":131,"column":3}},"line":111},"2":{"name":"(anonymous_2)","decl":{"start":{"line":134,"column":2},"end":{"line":134,"column":3}},"loc":{"start":{"line":134,"column":16},"end":{"line":143,"column":3}},"line":134},"3":{"name":"(anonymous_3)","decl":{"start":{"line":137,"column":10},"end":{"line":137,"column":11}},"loc":{"start":{"line":137,"column":18},"end":{"line":139,"column":5}},"line":137},"4":{"name":"(anonymous_4)","decl":{"start":{"line":140,"column":11},"end":{"line":140,"column":12}},"loc":{"start":{"line":140,"column":18},"end":{"line":142,"column":5}},"line":140},"5":{"name":"(anonymous_5)","decl":{"start":{"line":146,"column":2},"end":{"line":146,"column":3}},"loc":{"start":{"line":146,"column":19},"end":{"line":155,"column":3}},"line":146},"6":{"name":"(anonymous_6)","decl":{"start":{"line":158,"column":2},"end":{"line":158,"column":3}},"loc":{"start":{"line":158,"column":19},"end":{"line":162,"column":3}},"line":158},"7":{"name":"(anonymous_7)","decl":{"start":{"line":165,"column":2},"end":{"line":165,"column":3}},"loc":{"start":{"line":165,"column":11},"end":{"line":227,"column":3}},"line":165},"8":{"name":"(anonymous_8)","decl":{"start":{"line":168,"column":38},"end":{"line":168,"column":39}},"loc":{"start":{"line":169,"column":7},"end":{"line":171,"column":15}},"line":169}},"branchMap":{"0":{"loc":{"start":{"line":113,"column":4},"end":{"line":130,"column":5}},"type":"if","locations":[{"start":{"line":113,"column":4},"end":{"line":130,"column":5}},{"start":{},"end":{}}],"line":113},"1":{"loc":{"start":{"line":113,"column":8},"end":{"line":113,"column":90}},"type":"binary-expr","locations":[{"start":{"line":113,"column":8},"end":{"line":113,"column":31}},{"start":{"line":113,"column":35},"end":{"line":113,"column":90}}],"line":113},"2":{"loc":{"start":{"line":116,"column":8},"end":{"line":118,"column":9}},"type":"if","locations":[{"start":{"line":116,"column":8},"end":{"line":118,"column":9}},{"start":{},"end":{}}],"line":116},"3":{"loc":{"start":{"line":122,"column":29},"end":{"line":122,"column":104}},"type":"cond-expr","locations":[{"start":{"line":122,"column":73},"end":{"line":122,"column":74}},{"start":{"line":122,"column":77},"end":{"line":122,"column":104}}],"line":122},"4":{"loc":{"start":{"line":181,"column":4},"end":{"line":196,"column":5}},"type":"if","locations":[{"start":{"line":181,"column":4},"end":{"line":196,"column":5}},{"start":{"line":185,"column":11},"end":{"line":196,"column":5}}],"line":181},"5":{"loc":{"start":{"line":192,"column":17},"end":{"line":192,"column":84}},"type":"cond-expr","locations":[{"start":{"line":192,"column":43},"end":{"line":192,"column":66}},{"start":{"line":192,"column":69},"end":{"line":192,"column":84}}],"line":192},"6":{"loc":{"start":{"line":198,"column":4},"end":{"line":214,"column":5}},"type":"if","locations":[{"start":{"line":198,"column":4},"end":{"line":214,"column":5}},{"start":{"line":203,"column":11},"end":{"line":214,"column":5}}],"line":198},"7":{"loc":{"start":{"line":221,"column":9},"end":{"line":221,"column":89}},"type":"binary-expr","locations":[{"start":{"line":221,"column":9},"end":{"line":221,"column":37}},{"start":{"line":221,"column":41},"end":{"line":221,"column":89}}],"line":221}},"s":{"0":1,"1":1,"2":1,"3":1,"4":1,"5":1,"6":1,"7":0,"8":0,"9":0,"10":0,"11":0,"12":0,"13":0,"14":0,"15":0,"16":0,"17":0,"18":0,"19":0,"20":0,"21":0,"22":0,"23":0,"24":0,"25":0,"26":0,"27":0,"28":0,"29":0,"30":0,"31":0,"32":0,"33":0,"34":0,"35":0,"36":0,"37":0,"38":0,"39":0},"f":{"0":0,"1":0,"2":0,"3":0,"4":0,"5":0,"6":0,"7":0,"8":0},"b":{"0":[0,0],"1":[0,0],"2":[0,0],"3":[0,0],"4":[0,0],"5":[0,0],"6":[0,0],"7":[0,0]},"_coverageSchema":"1a1c01bbd47fc00a2c39e90264f33305004495a9","hash":"c21db143b91e5ae68c41f5ba40eee20cbbb99d22"}
,"/Users/vladislavstarikov/Google-Drive/3-Coding/HR/gainsboro-atelier/client/src/components/Overview/ExpandedView.jsx": {"path":"/Users/vladislavstarikov/Google-Drive/3-Coding/HR/gainsboro-atelier/client/src/components/Overview/ExpandedView.jsx","statementMap":{"0":{"start":{"line":5,"column":14},"end":{"line":15,"column":1}},"1":{"start":{"line":17,"column":34},"end":{"line":20,"column":1}},"2":{"start":{"line":22,"column":20},"end":{"line":25,"column":1}},"3":{"start":{"line":27,"column":33},"end":{"line":31,"column":1}},"4":{"start":{"line":33,"column":32},"end":{"line":44,"column":1}},"5":{"start":{"line":46,"column":34},"end":{"line":57,"column":1}},"6":{"start":{"line":59,"column":20},"end":{"line":65,"column":1}},"7":{"start":{"line":67,"column":19},"end":{"line":75,"column":1}},"8":{"start":{"line":77,"column":12},"end":{"line":81,"column":1}},"9":{"start":{"line":84,"column":16},"end":{"line":96,"column":1}},"10":{"start":{"line":85,"column":13},"end":{"line":85,"column":77}},"11":{"start":{"line":87,"column":35},"end":{"line":87,"column":44}},"12":{"start":{"line":88,"column":13},"end":{"line":88,"column":66}},"13":{"start":{"line":100,"column":4},"end":{"line":100,"column":17}},"14":{"start":{"line":101,"column":4},"end":{"line":110,"column":5}},"15":{"start":{"line":112,"column":4},"end":{"line":112,"column":51}},"16":{"start":{"line":113,"column":4},"end":{"line":113,"column":47}},"17":{"start":{"line":114,"column":4},"end":{"line":114,"column":51}},"18":{"start":{"line":115,"column":4},"end":{"line":115,"column":49}},"19":{"start":{"line":116,"column":4},"end":{"line":116,"column":73}},"20":{"start":{"line":120,"column":4},"end":{"line":120,"column":66}},"21":{"start":{"line":121,"column":4},"end":{"line":121,"column":44}},"22":{"start":{"line":122,"column":4},"end":{"line":122,"column":61}},"23":{"start":{"line":123,"column":4},"end":{"line":123,"column":67}},"24":{"start":{"line":126,"column":4},"end":{"line":126,"column":69}},"25":{"start":{"line":127,"column":4},"end":{"line":127,"column":60}},"26":{"start":{"line":128,"column":4},"end":{"line":128,"column":43}},"27":{"start":{"line":129,"column":4},"end":{"line":129,"column":70}},"28":{"start":{"line":133,"column":4},"end":{"line":135,"column":5}},"29":{"start":{"line":134,"column":6},"end":{"line":134,"column":31}},"30":{"start":{"line":139,"column":4},"end":{"line":139,"column":76}},"31":{"start":{"line":140,"column":4},"end":{"line":140,"column":88}},"32":{"start":{"line":141,"column":4},"end":{"line":141,"column":136}},"33":{"start":{"line":143,"column":4},"end":{"line":146,"column":6}},"34":{"start":{"line":150,"column":65},"end":{"line":150,"column":70}},"35":{"start":{"line":151,"column":33},"end":{"line":151,"column":72}},"36":{"start":{"line":153,"column":4},"end":{"line":157,"column":7}},"37":{"start":{"line":161,"column":4},"end":{"line":163,"column":8}},"38":{"start":{"line":161,"column":32},"end":{"line":163,"column":5}},"39":{"start":{"line":167,"column":4},"end":{"line":170,"column":6}},"40":{"start":{"line":174,"column":95},"end":{"line":174,"column":105}},"41":{"start":{"line":176,"column":29},"end":{"line":176,"column":31}},"42":{"start":{"line":177,"column":4},"end":{"line":193,"column":5}},"43":{"start":{"line":177,"column":17},"end":{"line":177,"column":18}},"44":{"start":{"line":178,"column":6},"end":{"line":192,"column":7}},"45":{"start":{"line":179,"column":8},"end":{"line":184,"column":10}},"46":{"start":{"line":186,"column":8},"end":{"line":191,"column":10}},"47":{"start":{"line":195,"column":20},"end":{"line":217,"column":5}},"48":{"start":{"line":208,"column":19},"end":{"line":208,"column":41}},"49":{"start":{"line":219,"column":4},"end":{"line":223,"column":6}}},"fnMap":{"0":{"name":"(anonymous_0)","decl":{"start":{"line":85,"column":4},"end":{"line":85,"column":5}},"loc":{"start":{"line":85,"column":13},"end":{"line":85,"column":77}},"line":85},"1":{"name":"(anonymous_1)","decl":{"start":{"line":87,"column":26},"end":{"line":87,"column":27}},"loc":{"start":{"line":87,"column":35},"end":{"line":87,"column":44}},"line":87},"2":{"name":"(anonymous_2)","decl":{"start":{"line":88,"column":4},"end":{"line":88,"column":5}},"loc":{"start":{"line":88,"column":13},"end":{"line":88,"column":66}},"line":88},"3":{"name":"(anonymous_3)","decl":{"start":{"line":99,"column":2},"end":{"line":99,"column":3}},"loc":{"start":{"line":99,"column":21},"end":{"line":117,"column":3}},"line":99},"4":{"name":"(anonymous_4)","decl":{"start":{"line":119,"column":2},"end":{"line":119,"column":3}},"loc":{"start":{"line":119,"column":21},"end":{"line":124,"column":3}},"line":119},"5":{"name":"(anonymous_5)","decl":{"start":{"line":125,"column":2},"end":{"line":125,"column":3}},"loc":{"start":{"line":125,"column":24},"end":{"line":130,"column":3}},"line":125},"6":{"name":"(anonymous_6)","decl":{"start":{"line":132,"column":2},"end":{"line":132,"column":3}},"loc":{"start":{"line":132,"column":20},"end":{"line":136,"column":3}},"line":132},"7":{"name":"(anonymous_7)","decl":{"start":{"line":138,"column":2},"end":{"line":138,"column":3}},"loc":{"start":{"line":138,"column":18},"end":{"line":147,"column":3}},"line":138},"8":{"name":"(anonymous_8)","decl":{"start":{"line":149,"column":2},"end":{"line":149,"column":3}},"loc":{"start":{"line":149,"column":30},"end":{"line":158,"column":3}},"line":149},"9":{"name":"(anonymous_9)","decl":{"start":{"line":160,"column":2},"end":{"line":160,"column":3}},"loc":{"start":{"line":160,"column":14},"end":{"line":164,"column":3}},"line":160},"10":{"name":"(anonymous_10)","decl":{"start":{"line":161,"column":18},"end":{"line":161,"column":19}},"loc":{"start":{"line":161,"column":32},"end":{"line":163,"column":5}},"line":161},"11":{"name":"(anonymous_11)","decl":{"start":{"line":166,"column":2},"end":{"line":166,"column":3}},"loc":{"start":{"line":166,"column":26},"end":{"line":171,"column":3}},"line":166},"12":{"name":"(anonymous_12)","decl":{"start":{"line":173,"column":2},"end":{"line":173,"column":3}},"loc":{"start":{"line":173,"column":10},"end":{"line":224,"column":3}},"line":173},"13":{"name":"(anonymous_13)","decl":{"start":{"line":208,"column":14},"end":{"line":208,"column":15}},"loc":{"start":{"line":208,"column":18},"end":{"line":208,"column":42}},"line":208}},"branchMap":{"0":{"loc":{"start":{"line":133,"column":4},"end":{"line":135,"column":5}},"type":"if","locations":[{"start":{"line":133,"column":4},"end":{"line":135,"column":5}},{"start":{},"end":{}}],"line":133},"1":{"loc":{"start":{"line":151,"column":33},"end":{"line":151,"column":72}},"type":"cond-expr","locations":[{"start":{"line":151,"column":60},"end":{"line":151,"column":64}},{"start":{"line":151,"column":67},"end":{"line":151,"column":72}}],"line":151},"2":{"loc":{"start":{"line":178,"column":6},"end":{"line":192,"column":7}},"type":"if","locations":[{"start":{"line":178,"column":6},"end":{"line":192,"column":7}},{"start":{"line":185,"column":13},"end":{"line":192,"column":7}}],"line":178},"3":{"loc":{"start":{"line":195,"column":20},"end":{"line":217,"column":5}},"type":"cond-expr","locations":[{"start":{"line":195,"column":39},"end":{"line":205,"column":5}},{"start":{"line":205,"column":8},"end":{"line":217,"column":5}}],"line":195}},"s":{"0":1,"1":1,"2":1,"3":1,"4":1,"5":1,"6":1,"7":1,"8":1,"9":1,"10":0,"11":0,"12":0,"13":0,"14":0,"15":0,"16":0,"17":0,"18":0,"19":0,"20":0,"21":0,"22":0,"23":0,"24":0,"25":0,"26":0,"27":0,"28":0,"29":0,"30":0,"31":0,"32":0,"33":0,"34":0,"35":0,"36":0,"37":0,"38":0,"39":0,"40":0,"41":0,"42":0,"43":0,"44":0,"45":0,"46":0,"47":0,"48":0,"49":0},"f":{"0":0,"1":0,"2":0,"3":0,"4":0,"5":0,"6":0,"7":0,"8":0,"9":0,"10":0,"11":0,"12":0,"13":0},"b":{"0":[0,0],"1":[0,0],"2":[0,0],"3":[0,0]},"_coverageSchema":"1a1c01bbd47fc00a2c39e90264f33305004495a9","hash":"a7b9f09888a4acf6feafe0d25567259a100534d4"}
,"/Users/vladislavstarikov/Google-Drive/3-Coding/HR/gainsboro-atelier/client/src/components/Overview/ImageGallery.jsx": {"path":"/Users/vladislavstarikov/Google-Drive/3-Coding/HR/gainsboro-atelier/client/src/components/Overview/ImageGallery.jsx","statementMap":{"0":{"start":{"line":6,"column":24},"end":{"line":6,"column":26}},"1":{"start":{"line":7,"column":24},"end":{"line":7,"column":25}},"2":{"start":{"line":8,"column":31},"end":{"line":8,"column":32}},"3":{"start":{"line":9,"column":25},"end":{"line":9,"column":85}},"4":{"start":{"line":11,"column":16},"end":{"line":15,"column":1}},"5":{"start":{"line":17,"column":12},"end":{"line":24,"column":1}},"6":{"start":{"line":21,"column":31},"end":{"line":21,"column":50}},"7":{"start":{"line":26,"column":21},"end":{"line":31,"column":1}},"8":{"start":{"line":33,"column":20},"end":{"line":52,"column":1}},"9":{"start":{"line":54,"column":28},"end":{"line":67,"column":1}},"10":{"start":{"line":69,"column":31},"end":{"line":75,"column":1}},"11":{"start":{"line":77,"column":18},"end":{"line":97,"column":1}},"12":{"start":{"line":100,"column":24},"end":{"line":103,"column":1}},"13":{"start":{"line":105,"column":25},"end":{"line":109,"column":1}},"14":{"start":{"line":111,"column":21},"end":{"line":115,"column":1}},"15":{"start":{"line":112,"column":21},"end":{"line":112,"column":64}},"16":{"start":{"line":113,"column":22},"end":{"line":113,"column":66}},"17":{"start":{"line":117,"column":23},"end":{"line":121,"column":1}},"18":{"start":{"line":123,"column":26},"end":{"line":129,"column":1}},"19":{"start":{"line":124,"column":25},"end":{"line":124,"column":37}},"20":{"start":{"line":131,"column":26},"end":{"line":136,"column":1}},"21":{"start":{"line":138,"column":25},"end":{"line":147,"column":1}},"22":{"start":{"line":144,"column":31},"end":{"line":144,"column":50}},"23":{"start":{"line":150,"column":33},"end":{"line":152,"column":1}},"24":{"start":{"line":154,"column":24},"end":{"line":156,"column":1}},"25":{"start":{"line":158,"column":26},"end":{"line":160,"column":1}},"26":{"start":{"line":162,"column":31},"end":{"line":172,"column":1}},"27":{"start":{"line":169,"column":31},"end":{"line":169,"column":50}},"28":{"start":{"line":174,"column":27},"end":{"line":180,"column":1}},"29":{"start":{"line":182,"column":16},"end":{"line":185,"column":1}},"30":{"start":{"line":187,"column":18},"end":{"line":190,"column":1}},"31":{"start":{"line":192,"column":18},"end":{"line":195,"column":1}},"32":{"start":{"line":197,"column":19},"end":{"line":200,"column":1}},"33":{"start":{"line":204,"column":4},"end":{"line":204,"column":17}},"34":{"start":{"line":205,"column":4},"end":{"line":209,"column":5}},"35":{"start":{"line":211,"column":4},"end":{"line":211,"column":51}},"36":{"start":{"line":212,"column":4},"end":{"line":212,"column":47}},"37":{"start":{"line":213,"column":4},"end":{"line":213,"column":53}},"38":{"start":{"line":214,"column":4},"end":{"line":214,"column":77}},"39":{"start":{"line":215,"column":4},"end":{"line":215,"column":51}},"40":{"start":{"line":219,"column":25},"end":{"line":219,"column":121}},"41":{"start":{"line":220,"column":4},"end":{"line":222,"column":6}},"42":{"start":{"line":226,"column":20},"end":{"line":226,"column":79}},"43":{"start":{"line":227,"column":23},"end":{"line":227,"column":55}},"44":{"start":{"line":228,"column":4},"end":{"line":228,"column":36}},"45":{"start":{"line":229,"column":4},"end":{"line":231,"column":6}},"46":{"start":{"line":235,"column":4},"end":{"line":239,"column":5}},"47":{"start":{"line":236,"column":6},"end":{"line":238,"column":10}},"48":{"start":{"line":236,"column":35},"end":{"line":238,"column":7}},"49":{"start":{"line":243,"column":4},"end":{"line":247,"column":5}},"50":{"start":{"line":244,"column":6},"end":{"line":246,"column":10}},"51":{"start":{"line":244,"column":35},"end":{"line":246,"column":7}},"52":{"start":{"line":251,"column":4},"end":{"line":253,"column":7}},"53":{"start":{"line":251,"column":32},"end":{"line":253,"column":5}},"54":{"start":{"line":257,"column":35},"end":{"line":257,"column":45}},"55":{"start":{"line":258,"column":23},"end":{"line":269,"column":7}},"56":{"start":{"line":259,"column":6},"end":{"line":269,"column":5}},"57":{"start":{"line":271,"column":29},"end":{"line":271,"column":178}},"58":{"start":{"line":275,"column":4},"end":{"line":316,"column":6}}},"fnMap":{"0":{"name":"(anonymous_0)","decl":{"start":{"line":21,"column":22},"end":{"line":21,"column":23}},"loc":{"start":{"line":21,"column":31},"end":{"line":21,"column":50}},"line":21},"1":{"name":"(anonymous_1)","decl":{"start":{"line":112,"column":11},"end":{"line":112,"column":12}},"loc":{"start":{"line":112,"column":21},"end":{"line":112,"column":64}},"line":112},"2":{"name":"(anonymous_2)","decl":{"start":{"line":113,"column":12},"end":{"line":113,"column":13}},"loc":{"start":{"line":113,"column":22},"end":{"line":113,"column":66}},"line":113},"3":{"name":"(anonymous_3)","decl":{"start":{"line":124,"column":16},"end":{"line":124,"column":17}},"loc":{"start":{"line":124,"column":25},"end":{"line":124,"column":37}},"line":124},"4":{"name":"(anonymous_4)","decl":{"start":{"line":144,"column":22},"end":{"line":144,"column":23}},"loc":{"start":{"line":144,"column":31},"end":{"line":144,"column":50}},"line":144},"5":{"name":"(anonymous_5)","decl":{"start":{"line":169,"column":22},"end":{"line":169,"column":23}},"loc":{"start":{"line":169,"column":31},"end":{"line":169,"column":50}},"line":169},"6":{"name":"(anonymous_6)","decl":{"start":{"line":203,"column":2},"end":{"line":203,"column":3}},"loc":{"start":{"line":203,"column":21},"end":{"line":216,"column":3}},"line":203},"7":{"name":"(anonymous_7)","decl":{"start":{"line":218,"column":2},"end":{"line":218,"column":3}},"loc":{"start":{"line":218,"column":16},"end":{"line":223,"column":3}},"line":218},"8":{"name":"(anonymous_8)","decl":{"start":{"line":225,"column":2},"end":{"line":225,"column":3}},"loc":{"start":{"line":225,"column":36},"end":{"line":232,"column":3}},"line":225},"9":{"name":"(anonymous_9)","decl":{"start":{"line":234,"column":2},"end":{"line":234,"column":3}},"loc":{"start":{"line":234,"column":13},"end":{"line":240,"column":3}},"line":234},"10":{"name":"(anonymous_10)","decl":{"start":{"line":236,"column":20},"end":{"line":236,"column":21}},"loc":{"start":{"line":236,"column":35},"end":{"line":238,"column":7}},"line":236},"11":{"name":"(anonymous_11)","decl":{"start":{"line":242,"column":2},"end":{"line":242,"column":3}},"loc":{"start":{"line":242,"column":16},"end":{"line":248,"column":3}},"line":242},"12":{"name":"(anonymous_12)","decl":{"start":{"line":244,"column":20},"end":{"line":244,"column":21}},"loc":{"start":{"line":244,"column":35},"end":{"line":246,"column":7}},"line":244},"13":{"name":"(anonymous_13)","decl":{"start":{"line":250,"column":2},"end":{"line":250,"column":3}},"loc":{"start":{"line":250,"column":15},"end":{"line":254,"column":3}},"line":250},"14":{"name":"(anonymous_14)","decl":{"start":{"line":251,"column":18},"end":{"line":251,"column":19}},"loc":{"start":{"line":251,"column":32},"end":{"line":253,"column":5}},"line":251},"15":{"name":"(anonymous_15)","decl":{"start":{"line":256,"column":2},"end":{"line":256,"column":3}},"loc":{"start":{"line":256,"column":11},"end":{"line":317,"column":3}},"line":256},"16":{"name":"(anonymous_16)","decl":{"start":{"line":258,"column":34},"end":{"line":258,"column":35}},"loc":{"start":{"line":258,"column":52},"end":{"line":269,"column":6}},"line":258}},"branchMap":{"0":{"loc":{"start":{"line":112,"column":21},"end":{"line":112,"column":64}},"type":"cond-expr","locations":[{"start":{"line":112,"column":50},"end":{"line":112,"column":56}},{"start":{"line":112,"column":58},"end":{"line":112,"column":64}}],"line":112},"1":{"loc":{"start":{"line":113,"column":22},"end":{"line":113,"column":66}},"type":"cond-expr","locations":[{"start":{"line":113,"column":51},"end":{"line":113,"column":57}},{"start":{"line":113,"column":60},"end":{"line":113,"column":66}}],"line":113},"2":{"loc":{"start":{"line":219,"column":25},"end":{"line":219,"column":121}},"type":"binary-expr","locations":[{"start":{"line":219,"column":25},"end":{"line":219,"column":65}},{"start":{"line":219,"column":69},"end":{"line":219,"column":116}},{"start":{"line":219,"column":120},"end":{"line":219,"column":121}}],"line":219},"3":{"loc":{"start":{"line":226,"column":20},"end":{"line":226,"column":79}},"type":"cond-expr","locations":[{"start":{"line":226,"column":67},"end":{"line":226,"column":71}},{"start":{"line":226,"column":74},"end":{"line":226,"column":79}}],"line":226},"4":{"loc":{"start":{"line":235,"column":4},"end":{"line":239,"column":5}},"type":"if","locations":[{"start":{"line":235,"column":4},"end":{"line":239,"column":5}},{"start":{},"end":{}}],"line":235},"5":{"loc":{"start":{"line":243,"column":4},"end":{"line":247,"column":5}},"type":"if","locations":[{"start":{"line":243,"column":4},"end":{"line":247,"column":5}},{"start":{},"end":{}}],"line":243},"6":{"loc":{"start":{"line":260,"column":6},"end":{"line":268,"column":7}},"type":"cond-expr","locations":[{"start":{"line":261,"column":6},"end":{"line":263,"column":24}},{"start":{"line":265,"column":6},"end":{"line":267,"column":26}}],"line":260},"7":{"loc":{"start":{"line":271,"column":29},"end":{"line":271,"column":178}},"type":"cond-expr","locations":[{"start":{"line":271,"column":81},"end":{"line":271,"column":174}},{"start":{"line":271,"column":177},"end":{"line":271,"column":178}}],"line":271},"8":{"loc":{"start":{"line":283,"column":11},"end":{"line":285,"column":59}},"type":"cond-expr","locations":[{"start":{"line":284,"column":10},"end":{"line":284,"column":72}},{"start":{"line":285,"column":10},"end":{"line":285,"column":59}}],"line":283},"9":{"loc":{"start":{"line":286,"column":11},"end":{"line":287,"column":77}},"type":"binary-expr","locations":[{"start":{"line":286,"column":11},"end":{"line":286,"column":53}},{"start":{"line":287,"column":10},"end":{"line":287,"column":77}}],"line":286},"10":{"loc":{"start":{"line":290,"column":11},"end":{"line":293,"column":30}},"type":"binary-expr","locations":[{"start":{"line":290,"column":11},"end":{"line":290,"column":38}},{"start":{"line":291,"column":12},"end":{"line":293,"column":30}}],"line":290},"11":{"loc":{"start":{"line":295,"column":11},"end":{"line":300,"column":29}},"type":"binary-expr","locations":[{"start":{"line":295,"column":11},"end":{"line":295,"column":53}},{"start":{"line":296,"column":10},"end":{"line":300,"column":29}}],"line":295},"12":{"loc":{"start":{"line":304,"column":9},"end":{"line":313,"column":25}},"type":"binary-expr","locations":[{"start":{"line":304,"column":9},"end":{"line":304,"column":31}},{"start":{"line":305,"column":10},"end":{"line":313,"column":25}}],"line":304}},"s":{"0":1,"1":1,"2":1,"3":1,"4":1,"5":1,"6":0,"7":1,"8":1,"9":1,"10":1,"11":1,"12":1,"13":1,"14":1,"15":0,"16":0,"17":1,"18":1,"19":0,"20":1,"21":1,"22":0,"23":1,"24":1,"25":1,"26":1,"27":0,"28":1,"29":1,"30":1,"31":1,"32":1,"33":0,"34":0,"35":0,"36":0,"37":0,"38":0,"39":0,"40":0,"41":0,"42":0,"43":0,"44":0,"45":0,"46":0,"47":0,"48":0,"49":0,"50":0,"51":0,"52":0,"53":0,"54":0,"55":0,"56":0,"57":0,"58":0},"f":{"0":0,"1":0,"2":0,"3":0,"4":0,"5":0,"6":0,"7":0,"8":0,"9":0,"10":0,"11":0,"12":0,"13":0,"14":0,"15":0,"16":0},"b":{"0":[0,0],"1":[0,0],"2":[0,0,0],"3":[0,0],"4":[0,0],"5":[0,0],"6":[0,0],"7":[0,0],"8":[0,0],"9":[0,0],"10":[0,0],"11":[0,0],"12":[0,0]},"_coverageSchema":"1a1c01bbd47fc00a2c39e90264f33305004495a9","hash":"aa6baa03f6ae80c324a5fbc7309c3fac81e7da22"}
,"/Users/vladislavstarikov/Google-Drive/3-Coding/HR/gainsboro-atelier/client/src/components/Overview/Overview.jsx": {"path":"/Users/vladislavstarikov/Google-Drive/3-Coding/HR/gainsboro-atelier/client/src/components/Overview/Overview.jsx","statementMap":{"0":{"start":{"line":8,"column":22},"end":{"line":10,"column":1}},"1":{"start":{"line":12,"column":19},"end":{"line":15,"column":1}},"2":{"start":{"line":16,"column":18},"end":{"line":19,"column":1}},"3":{"start":{"line":21,"column":24},"end":{"line":23,"column":1}},"4":{"start":{"line":25,"column":18},"end":{"line":27,"column":1}},"5":{"start":{"line":29,"column":16},"end":{"line":36,"column":1}},"6":{"start":{"line":38,"column":26},"end":{"line":40,"column":1}},"7":{"start":{"line":42,"column":14},"end":{"line":44,"column":1}},"8":{"start":{"line":46,"column":11},"end":{"line":49,"column":1}},"9":{"start":{"line":51,"column":11},"end":{"line":57,"column":1}},"10":{"start":{"line":61,"column":4},"end":{"line":61,"column":17}},"11":{"start":{"line":62,"column":4},"end":{"line":66,"column":5}},"12":{"start":{"line":67,"column":4},"end":{"line":67,"column":61}},"13":{"start":{"line":71,"column":26},"end":{"line":71,"column":76}},"14":{"start":{"line":72,"column":22},"end":{"line":72,"column":68}},"15":{"start":{"line":73,"column":4},"end":{"line":76,"column":6}},"16":{"start":{"line":80,"column":95},"end":{"line":80,"column":110}},"17":{"start":{"line":81,"column":42},"end":{"line":81,"column":52}},"18":{"start":{"line":84,"column":16},"end":{"line":92,"column":7}},"19":{"start":{"line":94,"column":4},"end":{"line":122,"column":6}}},"fnMap":{"0":{"name":"(anonymous_0)","decl":{"start":{"line":60,"column":2},"end":{"line":60,"column":3}},"loc":{"start":{"line":60,"column":21},"end":{"line":68,"column":3}},"line":60},"1":{"name":"(anonymous_1)","decl":{"start":{"line":70,"column":2},"end":{"line":70,"column":3}},"loc":{"start":{"line":70,"column":25},"end":{"line":77,"column":3}},"line":70},"2":{"name":"(anonymous_2)","decl":{"start":{"line":79,"column":2},"end":{"line":79,"column":3}},"loc":{"start":{"line":79,"column":11},"end":{"line":123,"column":3}},"line":79}},"branchMap":{"0":{"loc":{"start":{"line":80,"column":77},"end":{"line":80,"column":91}},"type":"default-arg","locations":[{"start":{"line":80,"column":89},"end":{"line":80,"column":91}}],"line":80},"1":{"loc":{"start":{"line":84,"column":16},"end":{"line":92,"column":7}},"type":"cond-expr","locations":[{"start":{"line":85,"column":7},"end":{"line":87,"column":16}},{"start":{"line":88,"column":7},"end":{"line":91,"column":17}}],"line":84}},"s":{"0":1,"1":1,"2":1,"3":1,"4":1,"5":1,"6":1,"7":1,"8":1,"9":1,"10":2,"11":2,"12":2,"13":0,"14":0,"15":0,"16":2,"17":2,"18":2,"19":2},"f":{"0":2,"1":0,"2":2},"b":{"0":[0],"1":[2,0]},"_coverageSchema":"1a1c01bbd47fc00a2c39e90264f33305004495a9","hash":"34cecb5440f869e71012a59085fdba9dc5994d11"}
,"/Users/vladislavstarikov/Google-Drive/3-Coding/HR/gainsboro-atelier/client/src/components/Overview/StyleSelector.jsx": {"path":"/Users/vladislavstarikov/Google-Drive/3-Coding/HR/gainsboro-atelier/client/src/components/Overview/StyleSelector.jsx","statementMap":{"0":{"start":{"line":6,"column":15},"end":{"line":11,"column":1}},"1":{"start":{"line":13,"column":14},"end":{"line":19,"column":1}},"2":{"start":{"line":21,"column":25},"end":{"line":27,"column":1}},"3":{"start":{"line":29,"column":12},"end":{"line":33,"column":1}},"4":{"start":{"line":30,"column":21},"end":{"line":30,"column":64}},"5":{"start":{"line":31,"column":22},"end":{"line":31,"column":66}},"6":{"start":{"line":35,"column":17},"end":{"line":44,"column":1}},"7":{"start":{"line":46,"column":10},"end":{"line":48,"column":1}},"8":{"start":{"line":51,"column":59},"end":{"line":51,"column":71}},"9":{"start":{"line":53,"column":26},"end":{"line":80,"column":4}},"10":{"start":{"line":55,"column":19},"end":{"line":55,"column":54}},"11":{"start":{"line":56,"column":4},"end":{"line":58,"column":5}},"12":{"start":{"line":57,"column":6},"end":{"line":57,"column":49}},"13":{"start":{"line":60,"column":4},"end":{"line":79,"column":5}},"14":{"start":{"line":62,"column":22},"end":{"line":62,"column":41}},"15":{"start":{"line":62,"column":42},"end":{"line":62,"column":66}},"16":{"start":{"line":70,"column":30},"end":{"line":70,"column":89}},"17":{"start":{"line":71,"column":33},"end":{"line":71,"column":59}},"18":{"start":{"line":72,"column":14},"end":{"line":72,"column":46}},"19":{"start":{"line":73,"column":14},"end":{"line":73,"column":52}},"20":{"start":{"line":82,"column":2},"end":{"line":89,"column":3}}},"fnMap":{"0":{"name":"(anonymous_0)","decl":{"start":{"line":30,"column":11},"end":{"line":30,"column":12}},"loc":{"start":{"line":30,"column":21},"end":{"line":30,"column":64}},"line":30},"1":{"name":"(anonymous_1)","decl":{"start":{"line":31,"column":12},"end":{"line":31,"column":13}},"loc":{"start":{"line":31,"column":22},"end":{"line":31,"column":66}},"line":31},"2":{"name":"StyleSelector","decl":{"start":{"line":50,"column":24},"end":{"line":50,"column":37}},"loc":{"start":{"line":50,"column":94},"end":{"line":90,"column":1}},"line":50},"3":{"name":"(anonymous_3)","decl":{"start":{"line":53,"column":37},"end":{"line":53,"column":38}},"loc":{"start":{"line":53,"column":54},"end":{"line":80,"column":3}},"line":53},"4":{"name":"(anonymous_4)","decl":{"start":{"line":62,"column":17},"end":{"line":62,"column":18}},"loc":{"start":{"line":62,"column":21},"end":{"line":62,"column":67}},"line":62},"5":{"name":"(anonymous_5)","decl":{"start":{"line":69,"column":20},"end":{"line":69,"column":21}},"loc":{"start":{"line":69,"column":25},"end":{"line":74,"column":13}},"line":69}},"branchMap":{"0":{"loc":{"start":{"line":30,"column":21},"end":{"line":30,"column":64}},"type":"cond-expr","locations":[{"start":{"line":30,"column":50},"end":{"line":30,"column":56}},{"start":{"line":30,"column":58},"end":{"line":30,"column":64}}],"line":30},"1":{"loc":{"start":{"line":31,"column":22},"end":{"line":31,"column":66}},"type":"cond-expr","locations":[{"start":{"line":31,"column":51},"end":{"line":31,"column":57}},{"start":{"line":31,"column":60},"end":{"line":31,"column":66}}],"line":31},"2":{"loc":{"start":{"line":56,"column":4},"end":{"line":58,"column":5}},"type":"if","locations":[{"start":{"line":56,"column":4},"end":{"line":58,"column":5}},{"start":{},"end":{}}],"line":56},"3":{"loc":{"start":{"line":68,"column":34},"end":{"line":68,"column":71}},"type":"binary-expr","locations":[{"start":{"line":68,"column":34},"end":{"line":68,"column":62}},{"start":{"line":68,"column":66},"end":{"line":68,"column":71}}],"line":68},"4":{"loc":{"start":{"line":70,"column":30},"end":{"line":70,"column":89}},"type":"cond-expr","locations":[{"start":{"line":70,"column":77},"end":{"line":70,"column":81}},{"start":{"line":70,"column":84},"end":{"line":70,"column":89}}],"line":70}},"s":{"0":1,"1":1,"2":1,"3":1,"4":0,"5":0,"6":1,"7":1,"8":0,"9":0,"10":0,"11":0,"12":0,"13":0,"14":0,"15":0,"16":0,"17":0,"18":0,"19":0,"20":0},"f":{"0":0,"1":0,"2":0,"3":0,"4":0,"5":0},"b":{"0":[0,0],"1":[0,0],"2":[0,0],"3":[0,0],"4":[0,0]},"_coverageSchema":"1a1c01bbd47fc00a2c39e90264f33305004495a9","hash":"1c074e9082477b87ef7176de7ea273881bd1dd5f"}
,"/Users/vladislavstarikov/Google-Drive/3-Coding/HR/gainsboro-atelier/client/src/components/ReviewAndRating/StarRating.jsx": {"path":"/Users/vladislavstarikov/Google-Drive/3-Coding/HR/gainsboro-atelier/client/src/components/ReviewAndRating/StarRating.jsx","statementMap":{"0":{"start":{"line":4,"column":18},"end":{"line":7,"column":1}},"1":{"start":{"line":9,"column":18},"end":{"line":13,"column":1}},"2":{"start":{"line":15,"column":18},"end":{"line":25,"column":1}},"3":{"start":{"line":27,"column":18},"end":{"line":40,"column":1}},"4":{"start":{"line":33,"column":22},"end":{"line":33,"column":37}},"5":{"start":{"line":44,"column":4},"end":{"line":44,"column":17}},"6":{"start":{"line":49,"column":23},"end":{"line":49,"column":90}},"7":{"start":{"line":49,"column":66},"end":{"line":49,"column":86}},"8":{"start":{"line":50,"column":22},"end":{"line":50,"column":110}},"9":{"start":{"line":50,"column":72},"end":{"line":50,"column":106}},"10":{"start":{"line":51,"column":4},"end":{"line":51,"column":62}},"11":{"start":{"line":55,"column":4},"end":{"line":59,"column":5}},"12":{"start":{"line":56,"column":22},"end":{"line":56,"column":40}},"13":{"start":{"line":58,"column":22},"end":{"line":58,"column":59}},"14":{"start":{"line":60,"column":18},"end":{"line":60,"column":51}},"15":{"start":{"line":61,"column":4},"end":{"line":68,"column":5}}},"fnMap":{"0":{"name":"(anonymous_0)","decl":{"start":{"line":33,"column":13},"end":{"line":33,"column":14}},"loc":{"start":{"line":33,"column":22},"end":{"line":33,"column":37}},"line":33},"1":{"name":"(anonymous_1)","decl":{"start":{"line":43,"column":2},"end":{"line":43,"column":3}},"loc":{"start":{"line":43,"column":21},"end":{"line":45,"column":3}},"line":43},"2":{"name":"(anonymous_2)","decl":{"start":{"line":48,"column":2},"end":{"line":48,"column":3}},"loc":{"start":{"line":48,"column":20},"end":{"line":52,"column":3}},"line":48},"3":{"name":"(anonymous_3)","decl":{"start":{"line":49,"column":49},"end":{"line":49,"column":50}},"loc":{"start":{"line":49,"column":66},"end":{"line":49,"column":86}},"line":49},"4":{"name":"(anonymous_4)","decl":{"start":{"line":50,"column":48},"end":{"line":50,"column":49}},"loc":{"start":{"line":50,"column":72},"end":{"line":50,"column":106}},"line":50},"5":{"name":"(anonymous_5)","decl":{"start":{"line":54,"column":2},"end":{"line":54,"column":3}},"loc":{"start":{"line":54,"column":11},"end":{"line":69,"column":3}},"line":54}},"branchMap":{"0":{"loc":{"start":{"line":55,"column":4},"end":{"line":59,"column":5}},"type":"if","locations":[{"start":{"line":55,"column":4},"end":{"line":59,"column":5}},{"start":{"line":57,"column":11},"end":{"line":59,"column":5}}],"line":55},"1":{"loc":{"start":{"line":63,"column":9},"end":{"line":63,"column":65}},"type":"binary-expr","locations":[{"start":{"line":63,"column":9},"end":{"line":63,"column":27}},{"start":{"line":63,"column":31},"end":{"line":63,"column":65}}],"line":63}},"s":{"0":1,"1":1,"2":1,"3":1,"4":0,"5":0,"6":0,"7":0,"8":0,"9":0,"10":0,"11":0,"12":0,"13":0,"14":0,"15":0},"f":{"0":0,"1":0,"2":0,"3":0,"4":0,"5":0},"b":{"0":[0,0],"1":[0,0]},"_coverageSchema":"1a1c01bbd47fc00a2c39e90264f33305004495a9","hash":"307d29febd65cc7ddfea60d5d57da5404ed4bcdf"}
,"/Users/vladislavstarikov/Google-Drive/3-Coding/HR/gainsboro-atelier/client/src/components/fixtures/overview.js": {"path":"/Users/vladislavstarikov/Google-Drive/3-Coding/HR/gainsboro-atelier/client/src/components/fixtures/overview.js","statementMap":{"0":{"start":{"line":1,"column":30},"end":{"line":377,"column":1}}},"fnMap":{},"branchMap":{},"s":{"0":1},"f":{},"b":{},"_coverageSchema":"1a1c01bbd47fc00a2c39e90264f33305004495a9","hash":"dba3706d61db476c3aa7b99b9586c3372acf4f9e"}
}
