{"/Users/xinxinli/hackreactor/gainsboro-atelier/client/src/components/Overview/AddToCart.jsx": {"path":"/Users/xinxinli/hackreactor/gainsboro-atelier/client/src/components/Overview/AddToCart.jsx","statementMap":{"0":{"start":{"line":6,"column":4},"end":{"line":6,"column":17}},"1":{"start":{"line":7,"column":4},"end":{"line":13,"column":5}},"2":{"start":{"line":14,"column":4},"end":{"line":14,"column":49}},"3":{"start":{"line":15,"column":4},"end":{"line":15,"column":57}},"4":{"start":{"line":16,"column":4},"end":{"line":16,"column":53}},"5":{"start":{"line":22,"column":4},"end":{"line":39,"column":5}},"6":{"start":{"line":24,"column":6},"end":{"line":28,"column":7}},"7":{"start":{"line":25,"column":8},"end":{"line":27,"column":9}},"8":{"start":{"line":26,"column":10},"end":{"line":26,"column":23}},"9":{"start":{"line":30,"column":24},"end":{"line":30,"column":70}},"10":{"start":{"line":31,"column":29},"end":{"line":31,"column":104}},"11":{"start":{"line":33,"column":6},"end":{"line":38,"column":9}},"12":{"start":{"line":44,"column":4},"end":{"line":44,"column":27}},"13":{"start":{"line":45,"column":4},"end":{"line":51,"column":6}},"14":{"start":{"line":56,"column":23},"end":{"line":56,"column":74}},"15":{"start":{"line":57,"column":22},"end":{"line":57,"column":73}},"16":{"start":{"line":59,"column":4},"end":{"line":63,"column":6}},"17":{"start":{"line":69,"column":4},"end":{"line":71,"column":6}},"18":{"start":{"line":76,"column":19},"end":{"line":76,"column":29}},"19":{"start":{"line":78,"column":16},"end":{"line":82,"column":5}},"20":{"start":{"line":79,"column":7},"end":{"line":81,"column":15}},"21":{"start":{"line":84,"column":4},"end":{"line":87,"column":16}},"22":{"start":{"line":90,"column":4},"end":{"line":102,"column":5}},"23":{"start":{"line":91,"column":6},"end":{"line":93,"column":16}},"24":{"start":{"line":95,"column":20},"end":{"line":95,"column":22}},"25":{"start":{"line":96,"column":6},"end":{"line":98,"column":7}},"26":{"start":{"line":96,"column":19},"end":{"line":96,"column":20}},"27":{"start":{"line":97,"column":8},"end":{"line":97,"column":60}},"28":{"start":{"line":99,"column":6},"end":{"line":101,"column":16}},"29":{"start":{"line":104,"column":4},"end":{"line":113,"column":6}}},"fnMap":{"0":{"name":"(anonymous_0)","decl":{"start":{"line":5,"column":2},"end":{"line":5,"column":3}},"loc":{"start":{"line":5,"column":21},"end":{"line":17,"column":3}},"line":5},"1":{"name":"(anonymous_1)","decl":{"start":{"line":20,"column":2},"end":{"line":20,"column":3}},"loc":{"start":{"line":20,"column":22},"end":{"line":40,"column":3}},"line":20},"2":{"name":"(anonymous_2)","decl":{"start":{"line":43,"column":2},"end":{"line":43,"column":3}},"loc":{"start":{"line":43,"column":16},"end":{"line":52,"column":3}},"line":43},"3":{"name":"(anonymous_3)","decl":{"start":{"line":46,"column":10},"end":{"line":46,"column":11}},"loc":{"start":{"line":46,"column":18},"end":{"line":48,"column":5}},"line":46},"4":{"name":"(anonymous_4)","decl":{"start":{"line":49,"column":11},"end":{"line":49,"column":12}},"loc":{"start":{"line":49,"column":18},"end":{"line":51,"column":5}},"line":49},"5":{"name":"(anonymous_5)","decl":{"start":{"line":55,"column":2},"end":{"line":55,"column":3}},"loc":{"start":{"line":55,"column":19},"end":{"line":64,"column":3}},"line":55},"6":{"name":"(anonymous_6)","decl":{"start":{"line":67,"column":2},"end":{"line":67,"column":3}},"loc":{"start":{"line":67,"column":19},"end":{"line":72,"column":3}},"line":67},"7":{"name":"(anonymous_7)","decl":{"start":{"line":75,"column":2},"end":{"line":75,"column":3}},"loc":{"start":{"line":75,"column":11},"end":{"line":114,"column":3}},"line":75},"8":{"name":"(anonymous_8)","decl":{"start":{"line":78,"column":38},"end":{"line":78,"column":39}},"loc":{"start":{"line":79,"column":7},"end":{"line":81,"column":15}},"line":79}},"branchMap":{"0":{"loc":{"start":{"line":22,"column":4},"end":{"line":39,"column":5}},"type":"if","locations":[{"start":{"line":22,"column":4},"end":{"line":39,"column":5}},{"start":{},"end":{}}],"line":22},"1":{"loc":{"start":{"line":22,"column":8},"end":{"line":22,"column":90}},"type":"binary-expr","locations":[{"start":{"line":22,"column":8},"end":{"line":22,"column":31}},{"start":{"line":22,"column":35},"end":{"line":22,"column":90}}],"line":22},"2":{"loc":{"start":{"line":25,"column":8},"end":{"line":27,"column":9}},"type":"if","locations":[{"start":{"line":25,"column":8},"end":{"line":27,"column":9}},{"start":{},"end":{}}],"line":25},"3":{"loc":{"start":{"line":31,"column":29},"end":{"line":31,"column":104}},"type":"cond-expr","locations":[{"start":{"line":31,"column":73},"end":{"line":31,"column":74}},{"start":{"line":31,"column":77},"end":{"line":31,"column":104}}],"line":31},"4":{"loc":{"start":{"line":90,"column":4},"end":{"line":102,"column":5}},"type":"if","locations":[{"start":{"line":90,"column":4},"end":{"line":102,"column":5}},{"start":{"line":94,"column":11},"end":{"line":102,"column":5}}],"line":90},"5":{"loc":{"start":{"line":106,"column":81},"end":{"line":106,"column":148}},"type":"cond-expr","locations":[{"start":{"line":106,"column":107},"end":{"line":106,"column":130}},{"start":{"line":106,"column":133},"end":{"line":106,"column":148}}],"line":106}},"s":{"0":1,"1":1,"2":1,"3":1,"4":1,"5":0,"6":0,"7":0,"8":0,"9":0,"10":0,"11":0,"12":0,"13":0,"14":0,"15":0,"16":0,"17":0,"18":1,"19":1,"20":6,"21":1,"22":1,"23":1,"24":0,"25":0,"26":0,"27":0,"28":0,"29":1},"f":{"0":1,"1":0,"2":0,"3":0,"4":0,"5":0,"6":0,"7":1,"8":6},"b":{"0":[0,0],"1":[0,0],"2":[0,0],"3":[0,0],"4":[1,0],"5":[0,1]},"_coverageSchema":"1a1c01bbd47fc00a2c39e90264f33305004495a9","hash":"bba1423ba98576a50862e278b08451c1802000ec"}
,"/Users/xinxinli/hackreactor/gainsboro-atelier/client/src/components/Overview/ExpandedView.jsx": {"path":"/Users/xinxinli/hackreactor/gainsboro-atelier/client/src/components/Overview/ExpandedView.jsx","statementMap":{"0":{"start":{"line":5,"column":14},"end":{"line":15,"column":1}},"1":{"start":{"line":17,"column":34},"end":{"line":20,"column":1}},"2":{"start":{"line":22,"column":20},"end":{"line":25,"column":1}},"3":{"start":{"line":27,"column":33},"end":{"line":31,"column":1}},"4":{"start":{"line":33,"column":32},"end":{"line":44,"column":1}},"5":{"start":{"line":46,"column":34},"end":{"line":57,"column":1}},"6":{"start":{"line":59,"column":20},"end":{"line":65,"column":1}},"7":{"start":{"line":67,"column":19},"end":{"line":75,"column":1}},"8":{"start":{"line":77,"column":12},"end":{"line":81,"column":1}},"9":{"start":{"line":84,"column":16},"end":{"line":96,"column":1}},"10":{"start":{"line":85,"column":13},"end":{"line":85,"column":77}},"11":{"start":{"line":87,"column":35},"end":{"line":87,"column":44}},"12":{"start":{"line":88,"column":13},"end":{"line":88,"column":66}},"13":{"start":{"line":100,"column":4},"end":{"line":100,"column":17}},"14":{"start":{"line":101,"column":4},"end":{"line":110,"column":5}},"15":{"start":{"line":112,"column":4},"end":{"line":112,"column":51}},"16":{"start":{"line":113,"column":4},"end":{"line":113,"column":47}},"17":{"start":{"line":114,"column":4},"end":{"line":114,"column":51}},"18":{"start":{"line":115,"column":4},"end":{"line":115,"column":49}},"19":{"start":{"line":116,"column":4},"end":{"line":116,"column":73}},"20":{"start":{"line":120,"column":4},"end":{"line":120,"column":66}},"21":{"start":{"line":121,"column":4},"end":{"line":121,"column":44}},"22":{"start":{"line":122,"column":4},"end":{"line":122,"column":61}},"23":{"start":{"line":123,"column":4},"end":{"line":123,"column":67}},"24":{"start":{"line":126,"column":4},"end":{"line":126,"column":69}},"25":{"start":{"line":127,"column":4},"end":{"line":127,"column":60}},"26":{"start":{"line":128,"column":4},"end":{"line":128,"column":43}},"27":{"start":{"line":129,"column":4},"end":{"line":129,"column":70}},"28":{"start":{"line":133,"column":4},"end":{"line":135,"column":5}},"29":{"start":{"line":134,"column":6},"end":{"line":134,"column":31}},"30":{"start":{"line":139,"column":4},"end":{"line":139,"column":76}},"31":{"start":{"line":140,"column":4},"end":{"line":140,"column":88}},"32":{"start":{"line":141,"column":4},"end":{"line":141,"column":136}},"33":{"start":{"line":143,"column":4},"end":{"line":146,"column":6}},"34":{"start":{"line":150,"column":65},"end":{"line":150,"column":70}},"35":{"start":{"line":151,"column":33},"end":{"line":151,"column":72}},"36":{"start":{"line":153,"column":4},"end":{"line":157,"column":7}},"37":{"start":{"line":161,"column":4},"end":{"line":163,"column":8}},"38":{"start":{"line":161,"column":32},"end":{"line":163,"column":5}},"39":{"start":{"line":167,"column":4},"end":{"line":170,"column":6}},"40":{"start":{"line":174,"column":95},"end":{"line":174,"column":105}},"41":{"start":{"line":176,"column":29},"end":{"line":176,"column":31}},"42":{"start":{"line":177,"column":4},"end":{"line":193,"column":5}},"43":{"start":{"line":177,"column":17},"end":{"line":177,"column":18}},"44":{"start":{"line":178,"column":6},"end":{"line":192,"column":7}},"45":{"start":{"line":179,"column":8},"end":{"line":184,"column":10}},"46":{"start":{"line":186,"column":8},"end":{"line":191,"column":10}},"47":{"start":{"line":195,"column":20},"end":{"line":217,"column":5}},"48":{"start":{"line":208,"column":19},"end":{"line":208,"column":41}},"49":{"start":{"line":219,"column":4},"end":{"line":223,"column":6}}},"fnMap":{"0":{"name":"(anonymous_0)","decl":{"start":{"line":85,"column":4},"end":{"line":85,"column":5}},"loc":{"start":{"line":85,"column":13},"end":{"line":85,"column":77}},"line":85},"1":{"name":"(anonymous_1)","decl":{"start":{"line":87,"column":26},"end":{"line":87,"column":27}},"loc":{"start":{"line":87,"column":35},"end":{"line":87,"column":44}},"line":87},"2":{"name":"(anonymous_2)","decl":{"start":{"line":88,"column":4},"end":{"line":88,"column":5}},"loc":{"start":{"line":88,"column":13},"end":{"line":88,"column":66}},"line":88},"3":{"name":"(anonymous_3)","decl":{"start":{"line":99,"column":2},"end":{"line":99,"column":3}},"loc":{"start":{"line":99,"column":21},"end":{"line":117,"column":3}},"line":99},"4":{"name":"(anonymous_4)","decl":{"start":{"line":119,"column":2},"end":{"line":119,"column":3}},"loc":{"start":{"line":119,"column":21},"end":{"line":124,"column":3}},"line":119},"5":{"name":"(anonymous_5)","decl":{"start":{"line":125,"column":2},"end":{"line":125,"column":3}},"loc":{"start":{"line":125,"column":24},"end":{"line":130,"column":3}},"line":125},"6":{"name":"(anonymous_6)","decl":{"start":{"line":132,"column":2},"end":{"line":132,"column":3}},"loc":{"start":{"line":132,"column":20},"end":{"line":136,"column":3}},"line":132},"7":{"name":"(anonymous_7)","decl":{"start":{"line":138,"column":2},"end":{"line":138,"column":3}},"loc":{"start":{"line":138,"column":18},"end":{"line":147,"column":3}},"line":138},"8":{"name":"(anonymous_8)","decl":{"start":{"line":149,"column":2},"end":{"line":149,"column":3}},"loc":{"start":{"line":149,"column":30},"end":{"line":158,"column":3}},"line":149},"9":{"name":"(anonymous_9)","decl":{"start":{"line":160,"column":2},"end":{"line":160,"column":3}},"loc":{"start":{"line":160,"column":14},"end":{"line":164,"column":3}},"line":160},"10":{"name":"(anonymous_10)","decl":{"start":{"line":161,"column":18},"end":{"line":161,"column":19}},"loc":{"start":{"line":161,"column":32},"end":{"line":163,"column":5}},"line":161},"11":{"name":"(anonymous_11)","decl":{"start":{"line":166,"column":2},"end":{"line":166,"column":3}},"loc":{"start":{"line":166,"column":26},"end":{"line":171,"column":3}},"line":166},"12":{"name":"(anonymous_12)","decl":{"start":{"line":173,"column":2},"end":{"line":173,"column":3}},"loc":{"start":{"line":173,"column":10},"end":{"line":224,"column":3}},"line":173},"13":{"name":"(anonymous_13)","decl":{"start":{"line":208,"column":14},"end":{"line":208,"column":15}},"loc":{"start":{"line":208,"column":18},"end":{"line":208,"column":42}},"line":208}},"branchMap":{"0":{"loc":{"start":{"line":133,"column":4},"end":{"line":135,"column":5}},"type":"if","locations":[{"start":{"line":133,"column":4},"end":{"line":135,"column":5}},{"start":{},"end":{}}],"line":133},"1":{"loc":{"start":{"line":151,"column":33},"end":{"line":151,"column":72}},"type":"cond-expr","locations":[{"start":{"line":151,"column":60},"end":{"line":151,"column":64}},{"start":{"line":151,"column":67},"end":{"line":151,"column":72}}],"line":151},"2":{"loc":{"start":{"line":178,"column":6},"end":{"line":192,"column":7}},"type":"if","locations":[{"start":{"line":178,"column":6},"end":{"line":192,"column":7}},{"start":{"line":185,"column":13},"end":{"line":192,"column":7}}],"line":178},"3":{"loc":{"start":{"line":195,"column":20},"end":{"line":217,"column":5}},"type":"cond-expr","locations":[{"start":{"line":195,"column":39},"end":{"line":205,"column":5}},{"start":{"line":205,"column":8},"end":{"line":217,"column":5}}],"line":195}},"s":{"0":1,"1":1,"2":1,"3":1,"4":1,"5":1,"6":1,"7":1,"8":1,"9":1,"10":0,"11":0,"12":0,"13":0,"14":0,"15":0,"16":0,"17":0,"18":0,"19":0,"20":0,"21":0,"22":0,"23":0,"24":0,"25":0,"26":0,"27":0,"28":0,"29":0,"30":0,"31":0,"32":0,"33":0,"34":0,"35":0,"36":0,"37":0,"38":0,"39":0,"40":0,"41":0,"42":0,"43":0,"44":0,"45":0,"46":0,"47":0,"48":0,"49":0},"f":{"0":0,"1":0,"2":0,"3":0,"4":0,"5":0,"6":0,"7":0,"8":0,"9":0,"10":0,"11":0,"12":0,"13":0},"b":{"0":[0,0],"1":[0,0],"2":[0,0],"3":[0,0]},"_coverageSchema":"1a1c01bbd47fc00a2c39e90264f33305004495a9","hash":"99b12834789c2fd848fe7dc3a182f9e90e278f89"}
,"/Users/xinxinli/hackreactor/gainsboro-atelier/client/src/components/Overview/ImageGallery.jsx": {"path":"/Users/xinxinli/hackreactor/gainsboro-atelier/client/src/components/Overview/ImageGallery.jsx","statementMap":{"0":{"start":{"line":6,"column":16},"end":{"line":9,"column":1}},"1":{"start":{"line":11,"column":12},"end":{"line":15,"column":1}},"2":{"start":{"line":17,"column":20},"end":{"line":23,"column":1}},"3":{"start":{"line":25,"column":21},"end":{"line":29,"column":1}},"4":{"start":{"line":31,"column":21},"end":{"line":34,"column":1}},"5":{"start":{"line":36,"column":19},"end":{"line":40,"column":1}},"6":{"start":{"line":42,"column":26},"end":{"line":45,"column":1}},"7":{"start":{"line":47,"column":25},"end":{"line":54,"column":1}},"8":{"start":{"line":56,"column":31},"end":{"line":64,"column":1}},"9":{"start":{"line":68,"column":4},"end":{"line":68,"column":17}},"10":{"start":{"line":69,"column":4},"end":{"line":72,"column":5}},"11":{"start":{"line":74,"column":4},"end":{"line":74,"column":51}},"12":{"start":{"line":75,"column":4},"end":{"line":75,"column":47}},"13":{"start":{"line":76,"column":4},"end":{"line":76,"column":53}},"14":{"start":{"line":77,"column":4},"end":{"line":77,"column":51}},"15":{"start":{"line":81,"column":4},"end":{"line":81,"column":33}},"16":{"start":{"line":82,"column":4},"end":{"line":82,"column":48}},"17":{"start":{"line":83,"column":25},"end":{"line":83,"column":116}},"18":{"start":{"line":85,"column":4},"end":{"line":87,"column":6}},"19":{"start":{"line":91,"column":4},"end":{"line":95,"column":5}},"20":{"start":{"line":92,"column":6},"end":{"line":94,"column":10}},"21":{"start":{"line":92,"column":35},"end":{"line":94,"column":7}},"22":{"start":{"line":99,"column":4},"end":{"line":103,"column":5}},"23":{"start":{"line":100,"column":6},"end":{"line":102,"column":10}},"24":{"start":{"line":100,"column":35},"end":{"line":102,"column":7}},"25":{"start":{"line":107,"column":4},"end":{"line":109,"column":7}},"26":{"start":{"line":107,"column":32},"end":{"line":109,"column":5}},"27":{"start":{"line":113,"column":35},"end":{"line":113,"column":45}},"28":{"start":{"line":114,"column":23},"end":{"line":124,"column":6}},"29":{"start":{"line":115,"column":6},"end":{"line":123,"column":7}},"30":{"start":{"line":128,"column":4},"end":{"line":162,"column":6}}},"fnMap":{"0":{"name":"(anonymous_0)","decl":{"start":{"line":67,"column":2},"end":{"line":67,"column":3}},"loc":{"start":{"line":67,"column":21},"end":{"line":78,"column":3}},"line":67},"1":{"name":"(anonymous_1)","decl":{"start":{"line":80,"column":2},"end":{"line":80,"column":3}},"loc":{"start":{"line":80,"column":16},"end":{"line":88,"column":3}},"line":80},"2":{"name":"(anonymous_2)","decl":{"start":{"line":90,"column":2},"end":{"line":90,"column":3}},"loc":{"start":{"line":90,"column":13},"end":{"line":96,"column":3}},"line":90},"3":{"name":"(anonymous_3)","decl":{"start":{"line":92,"column":20},"end":{"line":92,"column":21}},"loc":{"start":{"line":92,"column":35},"end":{"line":94,"column":7}},"line":92},"4":{"name":"(anonymous_4)","decl":{"start":{"line":98,"column":2},"end":{"line":98,"column":3}},"loc":{"start":{"line":98,"column":16},"end":{"line":104,"column":3}},"line":98},"5":{"name":"(anonymous_5)","decl":{"start":{"line":100,"column":20},"end":{"line":100,"column":21}},"loc":{"start":{"line":100,"column":35},"end":{"line":102,"column":7}},"line":100},"6":{"name":"(anonymous_6)","decl":{"start":{"line":106,"column":2},"end":{"line":106,"column":3}},"loc":{"start":{"line":106,"column":15},"end":{"line":110,"column":3}},"line":106},"7":{"name":"(anonymous_7)","decl":{"start":{"line":107,"column":18},"end":{"line":107,"column":19}},"loc":{"start":{"line":107,"column":32},"end":{"line":109,"column":5}},"line":107},"8":{"name":"(anonymous_8)","decl":{"start":{"line":112,"column":2},"end":{"line":112,"column":3}},"loc":{"start":{"line":112,"column":11},"end":{"line":163,"column":3}},"line":112},"9":{"name":"(anonymous_9)","decl":{"start":{"line":114,"column":34},"end":{"line":114,"column":35}},"loc":{"start":{"line":115,"column":6},"end":{"line":123,"column":7}},"line":115}},"branchMap":{"0":{"loc":{"start":{"line":83,"column":25},"end":{"line":83,"column":116}},"type":"binary-expr","locations":[{"start":{"line":83,"column":25},"end":{"line":83,"column":65}},{"start":{"line":83,"column":69},"end":{"line":83,"column":116}}],"line":83},"1":{"loc":{"start":{"line":91,"column":4},"end":{"line":95,"column":5}},"type":"if","locations":[{"start":{"line":91,"column":4},"end":{"line":95,"column":5}},{"start":{},"end":{}}],"line":91},"2":{"loc":{"start":{"line":99,"column":4},"end":{"line":103,"column":5}},"type":"if","locations":[{"start":{"line":99,"column":4},"end":{"line":103,"column":5}},{"start":{},"end":{}}],"line":99},"3":{"loc":{"start":{"line":115,"column":6},"end":{"line":123,"column":7}},"type":"cond-expr","locations":[{"start":{"line":116,"column":6},"end":{"line":118,"column":31}},{"start":{"line":120,"column":6},"end":{"line":122,"column":25}}],"line":115},"4":{"loc":{"start":{"line":134,"column":11},"end":{"line":135,"column":84}},"type":"binary-expr","locations":[{"start":{"line":134,"column":11},"end":{"line":134,"column":38}},{"start":{"line":135,"column":10},"end":{"line":135,"column":84}}],"line":134},"5":{"loc":{"start":{"line":136,"column":11},"end":{"line":137,"column":87}},"type":"binary-expr","locations":[{"start":{"line":136,"column":11},"end":{"line":136,"column":53}},{"start":{"line":137,"column":10},"end":{"line":137,"column":87}}],"line":136},"6":{"loc":{"start":{"line":140,"column":11},"end":{"line":141,"column":80}},"type":"binary-expr","locations":[{"start":{"line":140,"column":11},"end":{"line":140,"column":38}},{"start":{"line":141,"column":12},"end":{"line":141,"column":80}}],"line":140},"7":{"loc":{"start":{"line":143,"column":11},"end":{"line":146,"column":24}},"type":"binary-expr","locations":[{"start":{"line":143,"column":11},"end":{"line":143,"column":53}},{"start":{"line":144,"column":10},"end":{"line":146,"column":24}}],"line":143},"8":{"loc":{"start":{"line":150,"column":9},"end":{"line":159,"column":25}},"type":"binary-expr","locations":[{"start":{"line":150,"column":9},"end":{"line":150,"column":31}},{"start":{"line":151,"column":10},"end":{"line":159,"column":25}}],"line":150}},"s":{"0":1,"1":1,"2":1,"3":1,"4":1,"5":1,"6":1,"7":1,"8":1,"9":1,"10":1,"11":1,"12":1,"13":1,"14":1,"15":0,"16":0,"17":0,"18":0,"19":0,"20":0,"21":0,"22":0,"23":0,"24":0,"25":0,"26":0,"27":1,"28":1,"29":6,"30":1},"f":{"0":1,"1":0,"2":0,"3":0,"4":0,"5":0,"6":0,"7":0,"8":1,"9":6},"b":{"0":[0,0],"1":[0,0],"2":[0,0],"3":[1,5],"4":[1,0],"5":[1,1],"6":[1,0],"7":[1,1],"8":[1,0]},"_coverageSchema":"1a1c01bbd47fc00a2c39e90264f33305004495a9","hash":"464928dc8daf2eee4c8af55eb55c871fc93dab0f"}
,"/Users/xinxinli/hackreactor/gainsboro-atelier/client/src/components/Overview/Overview.jsx": {"path":"/Users/xinxinli/hackreactor/gainsboro-atelier/client/src/components/Overview/Overview.jsx","statementMap":{"0":{"start":{"line":9,"column":4},"end":{"line":9,"column":17}},"1":{"start":{"line":10,"column":4},"end":{"line":12,"column":5}},"2":{"start":{"line":13,"column":4},"end":{"line":13,"column":51}},"3":{"start":{"line":18,"column":4},"end":{"line":20,"column":6}},"4":{"start":{"line":26,"column":95},"end":{"line":26,"column":110}},"5":{"start":{"line":29,"column":4},"end":{"line":34,"column":5}},"6":{"start":{"line":30,"column":6},"end":{"line":30,"column":81}},"7":{"start":{"line":31,"column":6},"end":{"line":31,"column":130}},"8":{"start":{"line":32,"column":6},"end":{"line":32,"column":128}},"9":{"start":{"line":36,"column":4},"end":{"line":47,"column":6}}},"fnMap":{"0":{"name":"(anonymous_0)","decl":{"start":{"line":8,"column":2},"end":{"line":8,"column":3}},"loc":{"start":{"line":8,"column":21},"end":{"line":14,"column":3}},"line":8},"1":{"name":"(anonymous_1)","decl":{"start":{"line":16,"column":2},"end":{"line":16,"column":3}},"loc":{"start":{"line":16,"column":20},"end":{"line":22,"column":3}},"line":16},"2":{"name":"(anonymous_2)","decl":{"start":{"line":25,"column":2},"end":{"line":25,"column":3}},"loc":{"start":{"line":25,"column":11},"end":{"line":48,"column":3}},"line":25}},"branchMap":{"0":{"loc":{"start":{"line":26,"column":77},"end":{"line":26,"column":91}},"type":"default-arg","locations":[{"start":{"line":26,"column":89},"end":{"line":26,"column":91}}],"line":26},"1":{"loc":{"start":{"line":29,"column":4},"end":{"line":34,"column":5}},"type":"if","locations":[{"start":{"line":29,"column":4},"end":{"line":34,"column":5}},{"start":{},"end":{}}],"line":29}},"s":{"0":1,"1":1,"2":1,"3":0,"4":1,"5":1,"6":1,"7":1,"8":1,"9":1},"f":{"0":1,"1":0,"2":1},"b":{"0":[0],"1":[1,0]},"_coverageSchema":"1a1c01bbd47fc00a2c39e90264f33305004495a9","hash":"7d4e4fd7e0a5ab0bc7683340cc675a950f9c8626"}
,"/Users/xinxinli/hackreactor/gainsboro-atelier/client/src/components/Overview/StyleSelector.jsx": {"path":"/Users/xinxinli/hackreactor/gainsboro-atelier/client/src/components/Overview/StyleSelector.jsx","statementMap":{"0":{"start":{"line":5,"column":15},"end":{"line":10,"column":1}},"1":{"start":{"line":12,"column":14},"end":{"line":17,"column":1}},"2":{"start":{"line":19,"column":25},"end":{"line":25,"column":1}},"3":{"start":{"line":27,"column":12},"end":{"line":31,"column":1}},"4":{"start":{"line":33,"column":17},"end":{"line":42,"column":1}},"5":{"start":{"line":47,"column":26},"end":{"line":64,"column":4}},"6":{"start":{"line":50,"column":4},"end":{"line":54,"column":5}},"7":{"start":{"line":51,"column":6},"end":{"line":53,"column":18}},"8":{"start":{"line":56,"column":4},"end":{"line":61,"column":12}},"9":{"start":{"line":56,"column":32},"end":{"line":56,"column":50}},"10":{"start":{"line":63,"column":4},"end":{"line":63,"column":23}},"11":{"start":{"line":66,"column":2},"end":{"line":74,"column":3}}},"fnMap":{"0":{"name":"StyleSelector","decl":{"start":{"line":44,"column":24},"end":{"line":44,"column":37}},"loc":{"start":{"line":44,"column":76},"end":{"line":75,"column":1}},"line":44},"1":{"name":"(anonymous_1)","decl":{"start":{"line":47,"column":37},"end":{"line":47,"column":38}},"loc":{"start":{"line":47,"column":54},"end":{"line":64,"column":3}},"line":47},"2":{"name":"(anonymous_2)","decl":{"start":{"line":56,"column":27},"end":{"line":56,"column":28}},"loc":{"start":{"line":56,"column":31},"end":{"line":56,"column":51}},"line":56}},"branchMap":{"0":{"loc":{"start":{"line":50,"column":4},"end":{"line":54,"column":5}},"type":"if","locations":[{"start":{"line":50,"column":4},"end":{"line":54,"column":5}},{"start":{},"end":{}}],"line":50}},"s":{"0":1,"1":1,"2":1,"3":1,"4":1,"5":1,"6":6,"7":1,"8":6,"9":0,"10":0,"11":1},"f":{"0":1,"1":6,"2":0},"b":{"0":[1,5]},"_coverageSchema":"1a1c01bbd47fc00a2c39e90264f33305004495a9","hash":"6aa4fefee3e283794ae89c19d5910a64d091071d"}
,"/Users/xinxinli/hackreactor/gainsboro-atelier/client/src/components/ReviewAndRating/Review.jsx": {"path":"/Users/xinxinli/hackreactor/gainsboro-atelier/client/src/components/ReviewAndRating/Review.jsx","statementMap":{"0":{"start":{"line":8,"column":18},"end":{"line":11,"column":1}},"1":{"start":{"line":13,"column":22},"end":{"line":16,"column":1}},"2":{"start":{"line":18,"column":14},"end":{"line":35,"column":1}},"3":{"start":{"line":25,"column":37},"end":{"line":25,"column":46}},"4":{"start":{"line":37,"column":14},"end":{"line":47,"column":1}},"5":{"start":{"line":49,"column":17},"end":{"line":54,"column":1}},"6":{"start":{"line":56,"column":19},"end":{"line":69,"column":1}},"7":{"start":{"line":71,"column":21},"end":{"line":75,"column":1}},"8":{"start":{"line":76,"column":17},"end":{"line":89,"column":1}},"9":{"start":{"line":91,"column":14},"end":{"line":93,"column":1}},"10":{"start":{"line":95,"column":20},"end":{"line":97,"column":1}},"11":{"start":{"line":100,"column":16},"end":{"line":103,"column":1}},"12":{"start":{"line":105,"column":16},"end":{"line":109,"column":1}},"13":{"start":{"line":111,"column":19},"end":{"line":119,"column":1}},"14":{"start":{"line":120,"column":17},"end":{"line":122,"column":1}},"15":{"start":{"line":127,"column":4},"end":{"line":127,"column":17}},"16":{"start":{"line":128,"column":4},"end":{"line":133,"column":5}},"17":{"start":{"line":134,"column":4},"end":{"line":134,"column":73}},"18":{"start":{"line":135,"column":4},"end":{"line":135,"column":65}},"19":{"start":{"line":136,"column":4},"end":{"line":136,"column":61}},"20":{"start":{"line":137,"column":4},"end":{"line":137,"column":77}},"21":{"start":{"line":141,"column":4},"end":{"line":143,"column":6}},"22":{"start":{"line":147,"column":4},"end":{"line":149,"column":6}},"23":{"start":{"line":153,"column":4},"end":{"line":153,"column":32}},"24":{"start":{"line":154,"column":4},"end":{"line":156,"column":6}},"25":{"start":{"line":157,"column":4},"end":{"line":157,"column":53}},"26":{"start":{"line":161,"column":4},"end":{"line":168,"column":6}},"27":{"start":{"line":163,"column":6},"end":{"line":167,"column":7}},"28":{"start":{"line":164,"column":8},"end":{"line":166,"column":10}},"29":{"start":{"line":172,"column":4},"end":{"line":174,"column":6}},"30":{"start":{"line":178,"column":36},"end":{"line":178,"column":46}},"31":{"start":{"line":179,"column":110},"end":{"line":179,"column":116}},"32":{"start":{"line":181,"column":20},"end":{"line":181,"column":34}},"33":{"start":{"line":183,"column":18},"end":{"line":187,"column":5}},"34":{"start":{"line":188,"column":23},"end":{"line":188,"column":67}},"35":{"start":{"line":190,"column":4},"end":{"line":226,"column":5}},"36":{"start":{"line":201,"column":50},"end":{"line":201,"column":140}},"37":{"start":{"line":201,"column":104},"end":{"line":201,"column":136}},"38":{"start":{"line":213,"column":52},"end":{"line":213,"column":99}},"39":{"start":{"line":223,"column":58},"end":{"line":223,"column":91}}},"fnMap":{"0":{"name":"(anonymous_0)","decl":{"start":{"line":25,"column":28},"end":{"line":25,"column":29}},"loc":{"start":{"line":25,"column":37},"end":{"line":25,"column":46}},"line":25},"1":{"name":"(anonymous_1)","decl":{"start":{"line":126,"column":2},"end":{"line":126,"column":3}},"loc":{"start":{"line":126,"column":21},"end":{"line":138,"column":3}},"line":126},"2":{"name":"(anonymous_2)","decl":{"start":{"line":140,"column":2},"end":{"line":140,"column":3}},"loc":{"start":{"line":140,"column":24},"end":{"line":144,"column":3}},"line":140},"3":{"name":"(anonymous_3)","decl":{"start":{"line":146,"column":2},"end":{"line":146,"column":3}},"loc":{"start":{"line":146,"column":27},"end":{"line":150,"column":3}},"line":146},"4":{"name":"(anonymous_4)","decl":{"start":{"line":152,"column":2},"end":{"line":152,"column":3}},"loc":{"start":{"line":152,"column":45},"end":{"line":158,"column":3}},"line":152},"5":{"name":"(anonymous_5)","decl":{"start":{"line":160,"column":2},"end":{"line":160,"column":3}},"loc":{"start":{"line":160,"column":31},"end":{"line":169,"column":3}},"line":160},"6":{"name":"(anonymous_6)","decl":{"start":{"line":162,"column":10},"end":{"line":162,"column":11}},"loc":{"start":{"line":162,"column":18},"end":{"line":168,"column":5}},"line":162},"7":{"name":"(anonymous_7)","decl":{"start":{"line":171,"column":2},"end":{"line":171,"column":3}},"loc":{"start":{"line":171,"column":29},"end":{"line":175,"column":3}},"line":171},"8":{"name":"(anonymous_8)","decl":{"start":{"line":177,"column":2},"end":{"line":177,"column":3}},"loc":{"start":{"line":177,"column":11},"end":{"line":227,"column":3}},"line":177},"9":{"name":"(anonymous_9)","decl":{"start":{"line":201,"column":41},"end":{"line":201,"column":42}},"loc":{"start":{"line":201,"column":50},"end":{"line":201,"column":140}},"line":201},"10":{"name":"(anonymous_10)","decl":{"start":{"line":201,"column":98},"end":{"line":201,"column":99}},"loc":{"start":{"line":201,"column":104},"end":{"line":201,"column":136}},"line":201},"11":{"name":"(anonymous_11)","decl":{"start":{"line":213,"column":46},"end":{"line":213,"column":47}},"loc":{"start":{"line":213,"column":52},"end":{"line":213,"column":99}},"line":213},"12":{"name":"(anonymous_12)","decl":{"start":{"line":223,"column":52},"end":{"line":223,"column":53}},"loc":{"start":{"line":223,"column":58},"end":{"line":223,"column":91}},"line":223}},"branchMap":{"0":{"loc":{"start":{"line":163,"column":6},"end":{"line":167,"column":7}},"type":"if","locations":[{"start":{"line":163,"column":6},"end":{"line":167,"column":7}},{"start":{},"end":{}}],"line":163},"1":{"loc":{"start":{"line":197,"column":9},"end":{"line":199,"column":168}},"type":"cond-expr","locations":[{"start":{"line":198,"column":10},"end":{"line":198,"column":23}},{"start":{"line":199,"column":10},"end":{"line":199,"column":168}}],"line":197},"2":{"loc":{"start":{"line":199,"column":10},"end":{"line":199,"column":168}},"type":"cond-expr","locations":[{"start":{"line":199,"column":33},"end":{"line":199,"column":152}},{"start":{"line":199,"column":155},"end":{"line":199,"column":168}}],"line":199},"3":{"loc":{"start":{"line":201,"column":9},"end":{"line":201,"column":141}},"type":"binary-expr","locations":[{"start":{"line":201,"column":9},"end":{"line":201,"column":26}},{"start":{"line":201,"column":30},"end":{"line":201,"column":141}}],"line":201},"4":{"loc":{"start":{"line":202,"column":9},"end":{"line":206,"column":16}},"type":"binary-expr","locations":[{"start":{"line":202,"column":9},"end":{"line":202,"column":29}},{"start":{"line":203,"column":8},"end":{"line":206,"column":16}}],"line":202},"5":{"loc":{"start":{"line":207,"column":9},"end":{"line":207,"column":72}},"type":"cond-expr","locations":[{"start":{"line":207,"column":20},"end":{"line":207,"column":67}},{"start":{"line":207,"column":70},"end":{"line":207,"column":72}}],"line":207},"6":{"loc":{"start":{"line":208,"column":9},"end":{"line":208,"column":69}},"type":"cond-expr","locations":[{"start":{"line":208,"column":20},"end":{"line":208,"column":65}},{"start":{"line":208,"column":67},"end":{"line":208,"column":69}}],"line":208},"7":{"loc":{"start":{"line":211,"column":11},"end":{"line":220,"column":15}},"type":"cond-expr","locations":[{"start":{"line":212,"column":12},"end":{"line":215,"column":15}},{"start":{"line":216,"column":12},"end":{"line":220,"column":15}}],"line":211},"8":{"loc":{"start":{"line":223,"column":11},"end":{"line":223,"column":144}},"type":"cond-expr","locations":[{"start":{"line":223,"column":31},"end":{"line":223,"column":112}},{"start":{"line":223,"column":115},"end":{"line":223,"column":144}}],"line":223}},"s":{"0":2,"1":2,"2":2,"3":43,"4":2,"5":2,"6":2,"7":2,"8":2,"9":2,"10":2,"11":2,"12":2,"13":2,"14":2,"15":28,"16":28,"17":28,"18":28,"19":28,"20":28,"21":0,"22":1,"23":2,"24":2,"25":2,"26":1,"27":1,"28":1,"29":0,"30":42,"31":42,"32":42,"33":42,"34":42,"35":42,"36":43,"37":0,"38":2,"39":1},"f":{"0":43,"1":28,"2":0,"3":1,"4":2,"5":1,"6":1,"7":0,"8":42,"9":43,"10":0,"11":2,"12":1},"b":{"0":[1,0],"1":[27,15],"2":[14,1],"3":[42,28],"4":[42,0],"5":[40,2],"6":[0,42],"7":[40,2],"8":[41,1]},"_coverageSchema":"1a1c01bbd47fc00a2c39e90264f33305004495a9","hash":"cfd4180207724671e5bc7f70da83b155f355ebe8"}
,"/Users/xinxinli/hackreactor/gainsboro-atelier/client/src/components/ReviewAndRating/Reviews.jsx": {"path":"/Users/xinxinli/hackreactor/gainsboro-atelier/client/src/components/ReviewAndRating/Reviews.jsx","statementMap":{"0":{"start":{"line":7,"column":18},"end":{"line":9,"column":1}},"1":{"start":{"line":11,"column":22},"end":{"line":17,"column":1}},"2":{"start":{"line":19,"column":19},"end":{"line":26,"column":1}},"3":{"start":{"line":30,"column":4},"end":{"line":30,"column":17}},"4":{"start":{"line":31,"column":4},"end":{"line":33,"column":5}},"5":{"start":{"line":34,"column":4},"end":{"line":34,"column":77}},"6":{"start":{"line":38,"column":4},"end":{"line":38,"column":80}},"7":{"start":{"line":38,"column":31},"end":{"line":38,"column":78}},"8":{"start":{"line":42,"column":75},"end":{"line":42,"column":85}},"9":{"start":{"line":44,"column":25},"end":{"line":44,"column":128}},"10":{"start":{"line":44,"column":83},"end":{"line":44,"column":127}},"11":{"start":{"line":46,"column":21},"end":{"line":46,"column":72}},"12":{"start":{"line":47,"column":19},"end":{"line":47,"column":67}},"13":{"start":{"line":49,"column":4},"end":{"line":61,"column":6}},"14":{"start":{"line":54,"column":46},"end":{"line":54,"column":113}}},"fnMap":{"0":{"name":"(anonymous_0)","decl":{"start":{"line":29,"column":2},"end":{"line":29,"column":3}},"loc":{"start":{"line":29,"column":21},"end":{"line":35,"column":3}},"line":29},"1":{"name":"(anonymous_1)","decl":{"start":{"line":37,"column":2},"end":{"line":37,"column":3}},"loc":{"start":{"line":37,"column":29},"end":{"line":39,"column":3}},"line":37},"2":{"name":"(anonymous_2)","decl":{"start":{"line":38,"column":18},"end":{"line":38,"column":19}},"loc":{"start":{"line":38,"column":31},"end":{"line":38,"column":78}},"line":38},"3":{"name":"(anonymous_3)","decl":{"start":{"line":41,"column":2},"end":{"line":41,"column":3}},"loc":{"start":{"line":41,"column":11},"end":{"line":62,"column":3}},"line":41},"4":{"name":"(anonymous_4)","decl":{"start":{"line":44,"column":73},"end":{"line":44,"column":74}},"loc":{"start":{"line":44,"column":83},"end":{"line":44,"column":127}},"line":44},"5":{"name":"(anonymous_5)","decl":{"start":{"line":54,"column":27},"end":{"line":54,"column":28}},"loc":{"start":{"line":54,"column":46},"end":{"line":54,"column":113}},"line":54}},"branchMap":{"0":{"loc":{"start":{"line":44,"column":25},"end":{"line":44,"column":128}},"type":"cond-expr","locations":[{"start":{"line":44,"column":48},"end":{"line":44,"column":55}},{"start":{"line":44,"column":58},"end":{"line":44,"column":128}}],"line":44},"1":{"loc":{"start":{"line":51,"column":49},"end":{"line":51,"column":131}},"type":"cond-expr","locations":[{"start":{"line":51,"column":66},"end":{"line":51,"column":125}},{"start":{"line":51,"column":128},"end":{"line":51,"column":131}}],"line":51},"2":{"loc":{"start":{"line":53,"column":11},"end":{"line":55,"column":60}},"type":"cond-expr","locations":[{"start":{"line":54,"column":12},"end":{"line":54,"column":115}},{"start":{"line":55,"column":12},"end":{"line":55,"column":60}}],"line":53},"3":{"loc":{"start":{"line":58,"column":9},"end":{"line":58,"column":115}},"type":"binary-expr","locations":[{"start":{"line":58,"column":9},"end":{"line":58,"column":28}},{"start":{"line":58,"column":32},"end":{"line":58,"column":115}}],"line":58}},"s":{"0":1,"1":1,"2":1,"3":6,"4":6,"5":6,"6":4,"7":4,"8":10,"9":10,"10":20,"11":10,"12":10,"13":10,"14":25},"f":{"0":6,"1":4,"2":4,"3":10,"4":20,"5":25},"b":{"0":[6,4],"1":[10,0],"2":[9,1],"3":[10,6]},"_coverageSchema":"1a1c01bbd47fc00a2c39e90264f33305004495a9","hash":"8bec7f5297d0f7873ea99f172b1a1f8614a041be"}
,"/Users/xinxinli/hackreactor/gainsboro-atelier/client/src/components/ReviewAndRating/SortMenu.jsx": {"path":"/Users/xinxinli/hackreactor/gainsboro-atelier/client/src/components/ReviewAndRating/SortMenu.jsx","statementMap":{"0":{"start":{"line":4,"column":13},"end":{"line":6,"column":1}},"1":{"start":{"line":8,"column":15},"end":{"line":10,"column":1}},"2":{"start":{"line":13,"column":2},"end":{"line":21,"column":3}}},"fnMap":{"0":{"name":"SortMenu","decl":{"start":{"line":12,"column":24},"end":{"line":12,"column":32}},"loc":{"start":{"line":12,"column":59},"end":{"line":22,"column":1}},"line":12}},"branchMap":{},"s":{"0":1,"1":1,"2":10},"f":{"0":10},"b":{},"_coverageSchema":"1a1c01bbd47fc00a2c39e90264f33305004495a9","hash":"6d50236701d44275db52badaf83bfebab925d275"}
,"/Users/xinxinli/hackreactor/gainsboro-atelier/client/src/components/ReviewAndRating/StarRating.jsx": {"path":"/Users/xinxinli/hackreactor/gainsboro-atelier/client/src/components/ReviewAndRating/StarRating.jsx","statementMap":{"0":{"start":{"line":4,"column":18},"end":{"line":7,"column":1}},"1":{"start":{"line":9,"column":18},"end":{"line":13,"column":1}},"2":{"start":{"line":15,"column":18},"end":{"line":25,"column":1}},"3":{"start":{"line":27,"column":18},"end":{"line":40,"column":1}},"4":{"start":{"line":33,"column":22},"end":{"line":33,"column":37}},"5":{"start":{"line":44,"column":4},"end":{"line":44,"column":17}},"6":{"start":{"line":49,"column":23},"end":{"line":49,"column":90}},"7":{"start":{"line":49,"column":66},"end":{"line":49,"column":86}},"8":{"start":{"line":50,"column":22},"end":{"line":50,"column":110}},"9":{"start":{"line":50,"column":72},"end":{"line":50,"column":106}},"10":{"start":{"line":51,"column":4},"end":{"line":51,"column":62}},"11":{"start":{"line":55,"column":4},"end":{"line":59,"column":5}},"12":{"start":{"line":56,"column":22},"end":{"line":56,"column":40}},"13":{"start":{"line":58,"column":22},"end":{"line":58,"column":59}},"14":{"start":{"line":60,"column":18},"end":{"line":60,"column":51}},"15":{"start":{"line":61,"column":4},"end":{"line":68,"column":5}}},"fnMap":{"0":{"name":"(anonymous_0)","decl":{"start":{"line":33,"column":13},"end":{"line":33,"column":14}},"loc":{"start":{"line":33,"column":22},"end":{"line":33,"column":37}},"line":33},"1":{"name":"(anonymous_1)","decl":{"start":{"line":43,"column":2},"end":{"line":43,"column":3}},"loc":{"start":{"line":43,"column":21},"end":{"line":45,"column":3}},"line":43},"2":{"name":"(anonymous_2)","decl":{"start":{"line":48,"column":2},"end":{"line":48,"column":3}},"loc":{"start":{"line":48,"column":20},"end":{"line":52,"column":3}},"line":48},"3":{"name":"(anonymous_3)","decl":{"start":{"line":49,"column":49},"end":{"line":49,"column":50}},"loc":{"start":{"line":49,"column":66},"end":{"line":49,"column":86}},"line":49},"4":{"name":"(anonymous_4)","decl":{"start":{"line":50,"column":48},"end":{"line":50,"column":49}},"loc":{"start":{"line":50,"column":72},"end":{"line":50,"column":106}},"line":50},"5":{"name":"(anonymous_5)","decl":{"start":{"line":54,"column":2},"end":{"line":54,"column":3}},"loc":{"start":{"line":54,"column":11},"end":{"line":69,"column":3}},"line":54}},"branchMap":{"0":{"loc":{"start":{"line":55,"column":4},"end":{"line":59,"column":5}},"type":"if","locations":[{"start":{"line":55,"column":4},"end":{"line":59,"column":5}},{"start":{"line":57,"column":11},"end":{"line":59,"column":5}}],"line":55},"1":{"loc":{"start":{"line":63,"column":9},"end":{"line":63,"column":65}},"type":"binary-expr","locations":[{"start":{"line":63,"column":9},"end":{"line":63,"column":27}},{"start":{"line":63,"column":31},"end":{"line":63,"column":65}}],"line":63}},"s":{"0":2,"1":2,"2":2,"3":2,"4":42,"5":28,"6":0,"7":0,"8":0,"9":0,"10":0,"11":42,"12":42,"13":0,"14":42,"15":42},"f":{"0":42,"1":28,"2":0,"3":0,"4":0,"5":42},"b":{"0":[42,0],"1":[42,0]},"_coverageSchema":"1a1c01bbd47fc00a2c39e90264f33305004495a9","hash":"da9023660677b06cf7e3abf412899a57c37c3c16"}
,"/Users/xinxinli/hackreactor/gainsboro-atelier/client/src/components/fixtures/overview.js": {"path":"/Users/xinxinli/hackreactor/gainsboro-atelier/client/src/components/fixtures/overview.js","statementMap":{"0":{"start":{"line":1,"column":30},"end":{"line":377,"column":1}}},"fnMap":{},"branchMap":{},"s":{"0":1},"f":{},"b":{},"_coverageSchema":"1a1c01bbd47fc00a2c39e90264f33305004495a9","hash":"b64e9381ff177eb55d125ed63d7c8ddb53d8b745"}
,"/Users/xinxinli/hackreactor/gainsboro-atelier/client/src/components/fixtures/reviewsExample.js": {"path":"/Users/xinxinli/hackreactor/gainsboro-atelier/client/src/components/fixtures/reviewsExample.js","statementMap":{"0":{"start":{"line":2,"column":23},"end":{"line":22,"column":1}},"1":{"start":{"line":25,"column":23},"end":{"line":41,"column":1}},"2":{"start":{"line":43,"column":26},"end":{"line":119,"column":1}},"3":{"start":{"line":121,"column":0},"end":{"line":125,"column":1}}},"fnMap":{},"branchMap":{},"s":{"0":2,"1":2,"2":2,"3":2},"f":{},"b":{},"_coverageSchema":"1a1c01bbd47fc00a2c39e90264f33305004495a9","hash":"ff720490ecfcb4b0c264839a417e7cfff534c689"}
}
