TN:
SF:client/src/components/Overview/AddToCart.jsx
FN:5,(anonymous_0)
FN:20,(anonymous_1)
FN:43,(anonymous_2)
FN:47,(anonymous_3)
FN:50,(anonymous_4)
FN:56,(anonymous_5)
FN:68,(anonymous_6)
FN:75,(anonymous_7)
FN:78,(anonymous_8)
FNF:9
FNH:3
FNDA:1,(anonymous_0)
FNDA:0,(anonymous_1)
FNDA:0,(anonymous_2)
FNDA:0,(anonymous_3)
FNDA:0,(anonymous_4)
FNDA:0,(anonymous_5)
FNDA:0,(anonymous_6)
FNDA:1,(anonymous_7)
FNDA:6,(anonymous_8)
DA:6,1
DA:7,1
DA:14,1
DA:15,1
DA:16,1
DA:22,0
DA:24,0
DA:25,0
DA:26,0
DA:30,0
DA:31,0
DA:33,0
DA:44,0
DA:45,0
DA:46,0
DA:51,0
DA:57,0
DA:58,0
DA:60,0
DA:69,0
DA:76,1
DA:78,1
DA:79,6
DA:84,1
DA:91,1
DA:92,0
DA:96,1
DA:105,1
DA:106,1
DA:110,0
DA:111,0
DA:112,0
DA:113,0
DA:115,0
DA:120,1
LF:35
LH:14
BRDA:22,0,0,0
BRDA:22,0,1,0
BRDA:22,1,0,0
BRDA:22,1,1,0
BRDA:25,2,0,0
BRDA:25,2,1,0
BRDA:31,3,0,0
BRDA:31,3,1,0
BRDA:91,4,0,0
BRDA:91,4,1,1
BRDA:100,5,0,0
BRDA:100,5,1,1
BRDA:105,6,0,1
BRDA:105,6,1,0
BRF:14
BRH:3
end_of_record
TN:
SF:client/src/components/Overview/ExpandedView.jsx
FN:85,(anonymous_0)
FN:87,(anonymous_1)
FN:88,(anonymous_2)
FN:99,(anonymous_3)
FN:119,(anonymous_4)
FN:125,(anonymous_5)
FN:132,(anonymous_6)
FN:138,(anonymous_7)
FN:149,(anonymous_8)
FN:160,(anonymous_9)
FN:161,(anonymous_10)
FN:166,(anonymous_11)
FN:173,(anonymous_12)
FN:208,(anonymous_13)
FNF:14
FNH:0
FNDA:0,(anonymous_0)
FNDA:0,(anonymous_1)
FNDA:0,(anonymous_2)
FNDA:0,(anonymous_3)
FNDA:0,(anonymous_4)
FNDA:0,(anonymous_5)
FNDA:0,(anonymous_6)
FNDA:0,(anonymous_7)
FNDA:0,(anonymous_8)
FNDA:0,(anonymous_9)
FNDA:0,(anonymous_10)
FNDA:0,(anonymous_11)
FNDA:0,(anonymous_12)
FNDA:0,(anonymous_13)
DA:5,1
DA:17,1
DA:22,1
DA:27,1
DA:33,1
DA:46,1
DA:59,1
DA:67,1
DA:77,1
DA:84,1
DA:85,0
DA:87,0
DA:88,0
DA:100,0
DA:101,0
DA:112,0
DA:113,0
DA:114,0
DA:115,0
DA:116,0
DA:120,0
DA:121,0
DA:122,0
DA:123,0
DA:126,0
DA:127,0
DA:128,0
DA:129,0
DA:133,0
DA:134,0
DA:139,0
DA:140,0
DA:141,0
DA:143,0
DA:150,0
DA:151,0
DA:153,0
DA:161,0
DA:167,0
DA:174,0
DA:176,0
DA:177,0
DA:178,0
DA:179,0
DA:186,0
DA:195,0
DA:208,0
DA:219,0
LF:48
LH:10
BRDA:133,0,0,0
BRDA:133,0,1,0
BRDA:151,1,0,0
BRDA:151,1,1,0
BRDA:178,2,0,0
BRDA:178,2,1,0
BRDA:195,3,0,0
BRDA:195,3,1,0
BRF:8
BRH:0
end_of_record
TN:
SF:client/src/components/Overview/ImageGallery.jsx
FN:67,(anonymous_0)
FN:80,(anonymous_1)
FN:89,(anonymous_2)
FN:91,(anonymous_3)
FN:97,(anonymous_4)
FN:99,(anonymous_5)
FN:105,(anonymous_6)
FN:106,(anonymous_7)
FN:111,(anonymous_8)
FN:113,(anonymous_9)
FNF:10
FNH:3
FNDA:1,(anonymous_0)
FNDA:0,(anonymous_1)
FNDA:0,(anonymous_2)
FNDA:0,(anonymous_3)
FNDA:0,(anonymous_4)
FNDA:0,(anonymous_5)
FNDA:0,(anonymous_6)
FNDA:0,(anonymous_7)
FNDA:1,(anonymous_8)
FNDA:6,(anonymous_9)
DA:6,1
DA:11,1
DA:17,1
DA:25,1
DA:31,1
DA:36,1
DA:42,1
DA:47,1
DA:56,1
DA:68,1
DA:69,1
DA:74,1
DA:75,1
DA:76,1
DA:77,1
DA:81,0
DA:82,0
DA:83,0
DA:84,0
DA:90,0
DA:91,0
DA:98,0
DA:99,0
DA:106,0
DA:112,1
DA:113,1
DA:114,6
DA:127,1
LF:28
LH:19
BRDA:83,0,0,0
BRDA:83,0,1,0
BRDA:90,1,0,0
BRDA:90,1,1,0
BRDA:98,2,0,0
BRDA:98,2,1,0
BRDA:114,3,0,1
BRDA:114,3,1,5
BRDA:133,4,0,1
BRDA:133,4,1,0
BRDA:135,5,0,1
BRDA:135,5,1,1
BRDA:139,6,0,1
BRDA:139,6,1,0
BRDA:142,7,0,1
BRDA:142,7,1,1
BRDA:149,8,0,1
BRDA:149,8,1,0
BRF:18
BRH:9
end_of_record
TN:
SF:client/src/components/Overview/Overview.jsx
FN:21,(anonymous_0)
FN:32,(anonymous_1)
FN:42,(anonymous_2)
FNF:3
FNH:2
FNDA:1,(anonymous_0)
FNDA:0,(anonymous_1)
FNDA:1,(anonymous_2)
DA:8,1
DA:12,1
DA:16,1
DA:22,1
DA:23,1
DA:29,1
DA:33,0
DA:34,0
DA:35,0
DA:43,1
DA:46,1
DA:47,1
DA:48,1
DA:49,1
DA:52,1
DA:59,1
LF:16
LH:13
BRDA:43,0,0,0
BRDA:46,1,0,1
BRDA:46,1,1,0
BRDA:52,2,0,1
BRDA:52,2,1,0
BRF:5
BRH:2
end_of_record
TN:
SF:client/src/components/Overview/StyleSelector.jsx
FN:44,StyleSelector
FN:47,(anonymous_1)
FN:55,(anonymous_2)
FNF:3
FNH:2
FNDA:1,StyleSelector
FNDA:6,(anonymous_1)
FNDA:0,(anonymous_2)
DA:5,1
DA:12,1
DA:19,1
DA:27,1
DA:33,1
DA:47,1
DA:49,6
DA:50,1
DA:55,6
DA:63,1
LF:10
LH:10
BRDA:49,0,0,1
BRDA:49,0,1,5
BRF:2
BRH:2
end_of_record
TN:
SF:client/src/components/ReviewAndRating/StarRating.jsx
FN:33,(anonymous_0)
FN:43,(anonymous_1)
FN:48,(anonymous_2)
FN:49,(anonymous_3)
FN:50,(anonymous_4)
FN:54,(anonymous_5)
FNF:6
FNH:3
FNDA:0,(anonymous_0)
FNDA:2,(anonymous_1)
FNDA:2,(anonymous_2)
FNDA:0,(anonymous_3)
FNDA:0,(anonymous_4)
FNDA:2,(anonymous_5)
DA:4,1
DA:9,1
DA:15,1
DA:27,1
DA:33,0
DA:44,2
DA:49,2
DA:50,0
DA:51,0
DA:55,2
DA:56,0
DA:58,2
DA:60,0
DA:61,0
LF:14
LH:8
BRDA:55,0,0,0
BRDA:55,0,1,2
BRDA:63,1,0,0
BRDA:63,1,1,0
BRF:4
BRH:1
end_of_record
TN:
SF:client/src/components/fixtures/overview.js
FNF:0
FNH:0
DA:1,1
LF:1
LH:1
BRF:0
BRH:0
end_of_record
